{"/home/travis/build/npmtest/node-npmtest-systeminformation/test.js":{"path":"/home/travis/build/npmtest/node-npmtest-systeminformation/test.js","s":{"1":2,"2":2,"3":2,"4":2,"5":2,"6":2,"7":2,"8":1,"9":2,"10":2,"11":1,"12":1,"13":1,"14":1,"15":2,"16":2,"17":2,"18":2,"19":1,"20":1,"21":2,"22":2,"23":2,"24":1,"25":1,"26":1,"27":1,"28":1,"29":1,"30":1,"31":1,"32":1,"33":1,"34":1,"35":1,"36":1,"37":1,"38":1,"39":2,"40":2,"41":1,"42":2,"43":2,"44":1,"45":2,"46":2,"47":1,"48":2,"49":2,"50":1,"51":1,"52":1,"53":1,"54":1},"b":{"1":[2,1,1,1],"2":[1,1,1,1],"3":[1,1],"4":[1,1],"5":[1,1],"6":[1,1],"7":[1,1],"8":[1,1],"9":[1,1],"10":[1,1,1],"11":[1,1],"12":[1,1],"13":[1,1],"14":[1,1],"15":[1,1],"16":[1,1],"17":[1,1]},"f":{"1":2,"2":2,"3":2,"4":2,"5":2,"6":1,"7":1,"8":1,"9":2,"10":2,"11":2,"12":2,"13":1},"fnMap":{"1":{"name":"(anonymous_1)","line":12,"loc":{"start":{"line":12,"column":1},"end":{"line":12,"column":13}}},"2":{"name":"(anonymous_2)","line":19,"loc":{"start":{"line":19,"column":5},"end":{"line":19,"column":17}}},"3":{"name":"(anonymous_3)","line":23,"loc":{"start":{"line":23,"column":24},"end":{"line":23,"column":36}}},"4":{"name":"(anonymous_4)","line":61,"loc":{"start":{"line":61,"column":5},"end":{"line":61,"column":17}}},"5":{"name":"(anonymous_5)","line":82,"loc":{"start":{"line":82,"column":5},"end":{"line":82,"column":17}}},"6":{"name":"(anonymous_6)","line":91,"loc":{"start":{"line":91,"column":77},"end":{"line":94,"column":10}}},"7":{"name":"(anonymous_7)","line":112,"loc":{"start":{"line":112,"column":83},"end":{"line":115,"column":10}},"skip":true},"8":{"name":"(anonymous_8)","line":123,"loc":{"start":{"line":123,"column":77},"end":{"line":126,"column":10}},"skip":true},"9":{"name":"(anonymous_9)","line":139,"loc":{"start":{"line":139,"column":12},"end":{"line":139,"column":40}},"skip":true},"10":{"name":"(anonymous_10)","line":147,"loc":{"start":{"line":147,"column":77},"end":{"line":150,"column":10}},"skip":true},"11":{"name":"(anonymous_11)","line":158,"loc":{"start":{"line":158,"column":83},"end":{"line":161,"column":10}},"skip":true},"12":{"name":"(anonymous_12)","line":169,"loc":{"start":{"line":169,"column":79},"end":{"line":172,"column":10}},"skip":true},"13":{"name":"(anonymous_13)","line":180,"loc":{"start":{"line":180,"column":75},"end":{"line":183,"column":10}},"skip":true}},"statementMap":{"1":{"start":{"line":12,"column":0},"end":{"line":195,"column":5}},"2":{"start":{"line":14,"column":4},"end":{"line":14,"column":14}},"3":{"start":{"line":19,"column":4},"end":{"line":56,"column":9}},"4":{"start":{"line":21,"column":8},"end":{"line":21,"column":19}},"5":{"start":{"line":23,"column":8},"end":{"line":35,"column":13}},"6":{"start":{"line":24,"column":12},"end":{"line":34,"column":13}},"7":{"start":{"line":25,"column":16},"end":{"line":28,"column":30}},"8":{"start":{"line":30,"column":16},"end":{"line":33,"column":27}},"9":{"start":{"line":37,"column":8},"end":{"line":39,"column":21}},"10":{"start":{"line":40,"column":8},"end":{"line":53,"column":9}},"11":{"start":{"line":43,"column":12},"end":{"line":46,"column":14}},"12":{"start":{"line":47,"column":12},"end":{"line":47,"column":18}},"13":{"start":{"line":50,"column":12},"end":{"line":51,"column":33}},"14":{"start":{"line":52,"column":12},"end":{"line":52,"column":18}},"15":{"start":{"line":55,"column":8},"end":{"line":55,"column":35}},"16":{"start":{"line":61,"column":4},"end":{"line":63,"column":9}},"17":{"start":{"line":62,"column":8},"end":{"line":62,"column":15}},"18":{"start":{"line":64,"column":4},"end":{"line":77,"column":5}},"19":{"start":{"line":70,"column":8},"end":{"line":70,"column":14}},"20":{"start":{"line":76,"column":8},"end":{"line":76,"column":14}},"21":{"start":{"line":82,"column":4},"end":{"line":84,"column":9}},"22":{"start":{"line":83,"column":8},"end":{"line":83,"column":15}},"23":{"start":{"line":85,"column":4},"end":{"line":194,"column":5}},"24":{"start":{"line":91,"column":8},"end":{"line":99,"column":10}},"25":{"start":{"line":98,"column":12},"end":{"line":98,"column":35}},"26":{"start":{"line":102,"column":8},"end":{"line":104,"column":63}},"27":{"start":{"line":105,"column":8},"end":{"line":105,"column":14}},"28":{"start":{"line":112,"column":8},"end":{"line":121,"column":10},"skip":true},"29":{"start":{"line":119,"column":12},"end":{"line":119,"column":55},"skip":true},"30":{"start":{"line":120,"column":12},"end":{"line":120,"column":48},"skip":true},"31":{"start":{"line":123,"column":8},"end":{"line":136,"column":10},"skip":true},"32":{"start":{"line":130,"column":12},"end":{"line":130,"column":76},"skip":true},"33":{"start":{"line":131,"column":12},"end":{"line":131,"column":73},"skip":true},"34":{"start":{"line":132,"column":12},"end":{"line":132,"column":74},"skip":true},"35":{"start":{"line":133,"column":12},"end":{"line":133,"column":79},"skip":true},"36":{"start":{"line":134,"column":12},"end":{"line":134,"column":25},"skip":true},"37":{"start":{"line":135,"column":12},"end":{"line":135,"column":45},"skip":true},"38":{"start":{"line":138,"column":8},"end":{"line":145,"column":14},"skip":true},"39":{"start":{"line":143,"column":16},"end":{"line":143,"column":29},"skip":true},"40":{"start":{"line":144,"column":16},"end":{"line":144,"column":55},"skip":true},"41":{"start":{"line":147,"column":8},"end":{"line":156,"column":10},"skip":true},"42":{"start":{"line":154,"column":12},"end":{"line":154,"column":25},"skip":true},"43":{"start":{"line":155,"column":12},"end":{"line":155,"column":45},"skip":true},"44":{"start":{"line":158,"column":8},"end":{"line":167,"column":10},"skip":true},"45":{"start":{"line":165,"column":12},"end":{"line":165,"column":25},"skip":true},"46":{"start":{"line":166,"column":12},"end":{"line":166,"column":48},"skip":true},"47":{"start":{"line":169,"column":8},"end":{"line":178,"column":10},"skip":true},"48":{"start":{"line":176,"column":12},"end":{"line":176,"column":25},"skip":true},"49":{"start":{"line":177,"column":12},"end":{"line":177,"column":46},"skip":true},"50":{"start":{"line":180,"column":8},"end":{"line":189,"column":10},"skip":true},"51":{"start":{"line":187,"column":12},"end":{"line":187,"column":94},"skip":true},"52":{"start":{"line":188,"column":12},"end":{"line":188,"column":48},"skip":true},"53":{"start":{"line":192,"column":8},"end":{"line":192,"column":35},"skip":true},"54":{"start":{"line":193,"column":8},"end":{"line":193,"column":14},"skip":true}},"branchMap":{"1":{"line":25,"type":"binary-expr","locations":[{"start":{"line":25,"column":23},"end":{"line":25,"column":62}},{"start":{"line":26,"column":20},"end":{"line":26,"column":70}},{"start":{"line":27,"column":20},"end":{"line":27,"column":71}},{"start":{"line":28,"column":20},"end":{"line":28,"column":29}}]},"2":{"line":30,"type":"binary-expr","locations":[{"start":{"line":30,"column":23},"end":{"line":30,"column":37}},{"start":{"line":31,"column":20},"end":{"line":31,"column":61}},{"start":{"line":32,"column":20},"end":{"line":32,"column":70}},{"start":{"line":33,"column":20},"end":{"line":33,"column":26}}]},"3":{"line":37,"type":"cond-expr","locations":[{"start":{"line":38,"column":14},"end":{"line":38,"column":20}},{"start":{"line":39,"column":14},"end":{"line":39,"column":20}}]},"4":{"line":40,"type":"switch","locations":[{"start":{"line":42,"column":8},"end":{"line":47,"column":18}},{"start":{"line":49,"column":8},"end":{"line":52,"column":18}}]},"5":{"line":44,"type":"binary-expr","locations":[{"start":{"line":44,"column":16},"end":{"line":44,"column":44}},{"start":{"line":44,"column":48},"end":{"line":44,"column":66}}]},"6":{"line":50,"type":"binary-expr","locations":[{"start":{"line":50,"column":21},"end":{"line":50,"column":49}},{"start":{"line":50,"column":53},"end":{"line":50,"column":72}}]},"7":{"line":64,"type":"switch","locations":[{"start":{"line":69,"column":4},"end":{"line":70,"column":14}},{"start":{"line":75,"column":4},"end":{"line":76,"column":14}}]},"8":{"line":85,"type":"switch","locations":[{"start":{"line":90,"column":4},"end":{"line":105,"column":14}},{"start":{"line":111,"column":4},"end":{"line":193,"column":14},"skip":true}]},"9":{"line":91,"type":"binary-expr","locations":[{"start":{"line":91,"column":42},"end":{"line":91,"column":73}},{"start":{"line":91,"column":77},"end":{"line":99,"column":9}}]},"10":{"line":102,"type":"binary-expr","locations":[{"start":{"line":102,"column":18},"end":{"line":102,"column":32}},{"start":{"line":103,"column":12},"end":{"line":103,"column":53}},{"start":{"line":104,"column":12},"end":{"line":104,"column":61}}]},"11":{"line":112,"type":"binary-expr","locations":[{"start":{"line":112,"column":45},"end":{"line":112,"column":79},"skip":true},{"start":{"line":112,"column":83},"end":{"line":121,"column":9},"skip":true}]},"12":{"line":123,"type":"binary-expr","locations":[{"start":{"line":123,"column":42},"end":{"line":123,"column":73},"skip":true},{"start":{"line":123,"column":77},"end":{"line":136,"column":9},"skip":true}]},"13":{"line":138,"type":"binary-expr","locations":[{"start":{"line":138,"column":48},"end":{"line":138,"column":85},"skip":true},{"start":{"line":139,"column":12},"end":{"line":145,"column":13},"skip":true}]},"14":{"line":147,"type":"binary-expr","locations":[{"start":{"line":147,"column":42},"end":{"line":147,"column":73},"skip":true},{"start":{"line":147,"column":77},"end":{"line":156,"column":9},"skip":true}]},"15":{"line":158,"type":"binary-expr","locations":[{"start":{"line":158,"column":45},"end":{"line":158,"column":79},"skip":true},{"start":{"line":158,"column":83},"end":{"line":167,"column":9},"skip":true}]},"16":{"line":169,"type":"binary-expr","locations":[{"start":{"line":169,"column":43},"end":{"line":169,"column":75},"skip":true},{"start":{"line":169,"column":79},"end":{"line":178,"column":9},"skip":true}]},"17":{"line":180,"type":"binary-expr","locations":[{"start":{"line":180,"column":41},"end":{"line":180,"column":71},"skip":true},{"start":{"line":180,"column":75},"end":{"line":189,"column":9},"skip":true}]}},"code":["/* istanbul instrument in package npmtest_systeminformation */","/*jslint","    bitwise: true,","    browser: true,","    maxerr: 8,","    maxlen: 96,","    node: true,","    nomen: true,","    regexp: true,","    stupid: true","*/","(function () {","    'use strict';","    var local;","","","","    // run shared js-env code - init-before","    (function () {","        // init local","        local = {};","        // init modeJs","        local.modeJs = (function () {","            try {","                return typeof navigator.userAgent === 'string' &&","                    typeof document.querySelector('body') === 'object' &&","                    typeof XMLHttpRequest.prototype.open === 'function' &&","                    'browser';","            } catch (errorCaughtBrowser) {","                return module.exports &&","                    typeof process.versions.node === 'string' &&","                    typeof require('http').createServer === 'function' &&","                    'node';","            }","        }());","        // init global","        local.global = local.modeJs === 'browser'","            ? window","            : global;","        switch (local.modeJs) {","        // re-init local from window.local","        case 'browser':","            local = local.global.utility2.objectSetDefault(","                local.global.utility2_rollup || local.global.local,","                local.global.utility2","            );","            break;","        // re-init local from example.js","        case 'node':","            local = (local.global.utility2_rollup || require('utility2'))","                .requireReadme();","            break;","        }","        // export local","        local.global.local = local;","    }());","","","","    // run shared js-env code - function","    (function () {","        return;","    }());","    switch (local.modeJs) {","","","","    // run browser js-env code - function","    case 'browser':","        break;","","","","    // run node js-env code - function","    case 'node':","        break;","    }","","","","    // run shared js-env code - init-after","    (function () {","        return;","    }());","    switch (local.modeJs) {","","","","    // run browser js-env code - init-after","    case 'browser':","        local.testCase_browser_nullCase = local.testCase_browser_nullCase || function (","            options,","            onError","        ) {","        /*","         * this function will test browsers's null-case handling-behavior-behavior","         */","            onError(null, options);","        };","","        // run tests","        local.nop(local.modeTest &&","            document.querySelector('#testRunButton1') &&","            document.querySelector('#testRunButton1').click());","        break;","","","","    // run node js-env code - init-after","    /* istanbul ignore next */","    case 'node':","        local.testCase_buildApidoc_default = local.testCase_buildApidoc_default || function (","            options,","            onError","        ) {","        /*","         * this function will test buildApidoc's default handling-behavior-behavior","         */","            options = { modulePathList: module.paths };","            local.buildApidoc(options, onError);","        };","","        local.testCase_buildApp_default = local.testCase_buildApp_default || function (","            options,","            onError","        ) {","        /*","         * this function will test buildApp's default handling-behavior-behavior","         */","            local.testCase_buildReadme_default(options, local.onErrorThrow);","            local.testCase_buildLib_default(options, local.onErrorThrow);","            local.testCase_buildTest_default(options, local.onErrorThrow);","            local.testCase_buildCustomOrg_default(options, local.onErrorThrow);","            options = [];","            local.buildApp(options, onError);","        };","","        local.testCase_buildCustomOrg_default = local.testCase_buildCustomOrg_default ||","            function (options, onError) {","            /*","             * this function will test buildCustomOrg's default handling-behavior","             */","                options = {};","                local.buildCustomOrg(options, onError);","            };","","        local.testCase_buildLib_default = local.testCase_buildLib_default || function (","            options,","            onError","        ) {","        /*","         * this function will test buildLib's default handling-behavior","         */","            options = {};","            local.buildLib(options, onError);","        };","","        local.testCase_buildReadme_default = local.testCase_buildReadme_default || function (","            options,","            onError","        ) {","        /*","         * this function will test buildReadme's default handling-behavior-behavior","         */","            options = {};","            local.buildReadme(options, onError);","        };","","        local.testCase_buildTest_default = local.testCase_buildTest_default || function (","            options,","            onError","        ) {","        /*","         * this function will test buildTest's default handling-behavior","         */","            options = {};","            local.buildTest(options, onError);","        };","","        local.testCase_webpage_default = local.testCase_webpage_default || function (","            options,","            onError","        ) {","        /*","         * this function will test webpage's default handling-behavior","         */","            options = { modeCoverageMerge: true, url: local.serverLocalHost + '?modeTest=1' };","            local.browserTest(options, onError);","        };","","        // run test-server","        local.testRunServer(local);","        break;","    }","}());",""],"l":{"12":2,"14":2,"19":2,"21":2,"23":2,"24":2,"25":2,"30":1,"37":2,"40":2,"43":1,"47":1,"50":1,"52":1,"55":2,"61":2,"62":2,"64":2,"70":1,"76":1,"82":2,"83":2,"85":2,"91":1,"98":1,"102":1,"105":1,"112":1,"119":1,"120":1,"123":1,"130":1,"131":1,"132":1,"133":1,"134":1,"135":1,"138":1,"143":2,"144":2,"147":1,"154":2,"155":2,"158":1,"165":2,"166":2,"169":1,"176":2,"177":2,"180":1,"187":1,"188":1,"192":1,"193":1}},"/home/travis/build/npmtest/node-npmtest-systeminformation/lib.npmtest_systeminformation.js":{"path":"/home/travis/build/npmtest/node-npmtest-systeminformation/lib.npmtest_systeminformation.js","s":{"1":2,"2":2,"3":2,"4":2,"5":2,"6":2,"7":2,"8":1,"9":2,"10":2,"11":2,"12":2,"13":1,"14":1,"15":1,"16":1},"b":{"1":[2,1,1,1],"2":[1,1,1,1],"3":[1,1],"4":[2,2],"5":[1,1]},"f":{"1":2,"2":2,"3":2},"fnMap":{"1":{"name":"(anonymous_1)","line":12,"loc":{"start":{"line":12,"column":1},"end":{"line":12,"column":13}}},"2":{"name":"(anonymous_2)","line":19,"loc":{"start":{"line":19,"column":5},"end":{"line":19,"column":17}}},"3":{"name":"(anonymous_3)","line":23,"loc":{"start":{"line":23,"column":24},"end":{"line":23,"column":36}}}},"statementMap":{"1":{"start":{"line":12,"column":0},"end":{"line":53,"column":5}},"2":{"start":{"line":14,"column":4},"end":{"line":14,"column":14}},"3":{"start":{"line":19,"column":4},"end":{"line":52,"column":9}},"4":{"start":{"line":21,"column":8},"end":{"line":21,"column":19}},"5":{"start":{"line":23,"column":8},"end":{"line":35,"column":13}},"6":{"start":{"line":24,"column":12},"end":{"line":34,"column":13}},"7":{"start":{"line":25,"column":16},"end":{"line":28,"column":30}},"8":{"start":{"line":30,"column":16},"end":{"line":33,"column":27}},"9":{"start":{"line":37,"column":8},"end":{"line":39,"column":21}},"10":{"start":{"line":41,"column":8},"end":{"line":41,"column":54}},"11":{"start":{"line":43,"column":8},"end":{"line":43,"column":62}},"12":{"start":{"line":45,"column":8},"end":{"line":51,"column":9}},"13":{"start":{"line":46,"column":12},"end":{"line":46,"column":68}},"14":{"start":{"line":48,"column":12},"end":{"line":48,"column":35}},"15":{"start":{"line":49,"column":12},"end":{"line":49,"column":49}},"16":{"start":{"line":50,"column":12},"end":{"line":50,"column":43}}},"branchMap":{"1":{"line":25,"type":"binary-expr","locations":[{"start":{"line":25,"column":23},"end":{"line":25,"column":62}},{"start":{"line":26,"column":20},"end":{"line":26,"column":70}},{"start":{"line":27,"column":20},"end":{"line":27,"column":71}},{"start":{"line":28,"column":20},"end":{"line":28,"column":29}}]},"2":{"line":30,"type":"binary-expr","locations":[{"start":{"line":30,"column":23},"end":{"line":30,"column":37}},{"start":{"line":31,"column":20},"end":{"line":31,"column":61}},{"start":{"line":32,"column":20},"end":{"line":32,"column":70}},{"start":{"line":33,"column":20},"end":{"line":33,"column":26}}]},"3":{"line":37,"type":"cond-expr","locations":[{"start":{"line":38,"column":14},"end":{"line":38,"column":20}},{"start":{"line":39,"column":14},"end":{"line":39,"column":20}}]},"4":{"line":41,"type":"binary-expr","locations":[{"start":{"line":41,"column":16},"end":{"line":41,"column":44}},{"start":{"line":41,"column":48},"end":{"line":41,"column":53}}]},"5":{"line":45,"type":"if","locations":[{"start":{"line":45,"column":8},"end":{"line":45,"column":8}},{"start":{"line":45,"column":8},"end":{"line":45,"column":8}}]}},"code":["/* istanbul instrument in package npmtest_systeminformation */","/*jslint","    bitwise: true,","    browser: true,","    maxerr: 8,","    maxlen: 96,","    node: true,","    nomen: true,","    regexp: true,","    stupid: true","*/","(function () {","    'use strict';","    var local;","","","","    // run shared js-env code - init-before","    (function () {","        // init local","        local = {};","        // init modeJs","        local.modeJs = (function () {","            try {","                return typeof navigator.userAgent === 'string' &&","                    typeof document.querySelector('body') === 'object' &&","                    typeof XMLHttpRequest.prototype.open === 'function' &&","                    'browser';","            } catch (errorCaughtBrowser) {","                return module.exports &&","                    typeof process.versions.node === 'string' &&","                    typeof require('http').createServer === 'function' &&","                    'node';","            }","        }());","        // init global","        local.global = local.modeJs === 'browser'","            ? window","            : global;","        // init utility2_rollup","        local = local.global.utility2_rollup || local;","        // init lib","        local.local = local.npmtest_systeminformation = local;","        // init exports","        if (local.modeJs === 'browser') {","            local.global.utility2_npmtest_systeminformation = local;","        } else {","            module.exports = local;","            module.exports.__dirname = __dirname;","            module.exports.module = module;","        }","    }());","}());",""],"l":{"12":2,"14":2,"19":2,"21":2,"23":2,"24":2,"25":2,"30":1,"37":2,"41":2,"43":2,"45":2,"46":1,"48":1,"49":1,"50":1}},"/home/travis/build/npmtest/node-npmtest-systeminformation/example.js":{"path":"/home/travis/build/npmtest/node-npmtest-systeminformation/example.js","s":{"1":2,"2":2,"3":2,"4":2,"5":2,"6":2,"7":2,"8":1,"9":2,"10":2,"11":2,"12":2,"13":1,"14":2,"15":2,"16":2,"17":2,"18":2,"19":0,"20":2,"21":1,"22":1,"23":1,"24":1,"25":1,"26":0,"27":0,"28":1,"29":1,"30":2,"31":0,"32":0,"33":0,"34":1,"35":2,"36":2,"37":3,"38":3,"39":3,"40":3,"41":0,"42":3,"43":3,"44":3,"45":1,"46":3,"47":1,"48":1,"49":1,"50":1,"51":1,"52":1,"53":1,"54":1,"55":1,"56":1,"57":0,"58":1,"59":6,"60":6,"61":1,"62":2,"63":0,"64":2,"65":1,"66":1,"67":0,"68":0,"69":0,"70":0,"71":0,"72":0,"73":0,"74":0,"75":0,"76":0,"77":0,"78":0,"79":0,"80":0,"81":0,"82":0,"83":0},"b":{"1":[2,1,1,1],"2":[1,1,1,1],"3":[1,1],"4":[2,2],"5":[1,1],"6":[1,1],"7":[2,0],"8":[2,1,1,1,1,1],"9":[0,2,0],"10":[1,1],"11":[2,1,1],"12":[1,0],"13":[0,2],"14":[2,0,0,0,0,0,0],"15":[0,3],"16":[3,0],"17":[1,1],"18":[0,1],"19":[1,2,0,2],"20":[1,0],"21":[1,1],"22":[0,0],"23":[0,0],"24":[0,0],"25":[0,0],"26":[0,0],"27":[0,0],"28":[0,0]},"f":{"1":2,"2":2,"3":2,"4":2,"5":2,"6":2,"7":3,"8":3,"9":3,"10":1,"11":6,"12":0},"fnMap":{"1":{"name":"(anonymous_1)","line":26,"loc":{"start":{"line":26,"column":1},"end":{"line":26,"column":13}}},"2":{"name":"(anonymous_2)","line":33,"loc":{"start":{"line":33,"column":5},"end":{"line":33,"column":17}}},"3":{"name":"(anonymous_3)","line":37,"loc":{"start":{"line":37,"column":24},"end":{"line":37,"column":36}}},"4":{"name":"(anonymous_4)","line":69,"loc":{"start":{"line":69,"column":31},"end":{"line":69,"column":48}},"skip":true},"5":{"name":"(anonymous_5)","line":78,"loc":{"start":{"line":78,"column":26},"end":{"line":78,"column":45}},"skip":true},"6":{"name":"(anonymous_6)","line":123,"loc":{"start":{"line":123,"column":33},"end":{"line":123,"column":48}},"skip":true},"7":{"name":"(anonymous_7)","line":125,"loc":{"start":{"line":125,"column":27},"end":{"line":125,"column":39}},"skip":true},"8":{"name":"(anonymous_8)","line":133,"loc":{"start":{"line":133,"column":59},"end":{"line":133,"column":74}},"skip":true},"9":{"name":"(anonymous_9)","line":143,"loc":{"start":{"line":143,"column":45},"end":{"line":143,"column":62}},"skip":true},"10":{"name":"(anonymous_10)","line":144,"loc":{"start":{"line":144,"column":73},"end":{"line":144,"column":92}},"skip":true},"11":{"name":"(anonymous_11)","line":272,"loc":{"start":{"line":272,"column":51},"end":{"line":272,"column":77}},"skip":true},"12":{"name":"(anonymous_12)","line":315,"loc":{"start":{"line":315,"column":32},"end":{"line":315,"column":61}},"skip":true}},"statementMap":{"1":{"start":{"line":26,"column":0},"end":{"line":326,"column":5}},"2":{"start":{"line":28,"column":4},"end":{"line":28,"column":14}},"3":{"start":{"line":33,"column":4},"end":{"line":60,"column":9}},"4":{"start":{"line":35,"column":8},"end":{"line":35,"column":19}},"5":{"start":{"line":37,"column":8},"end":{"line":49,"column":13}},"6":{"start":{"line":38,"column":12},"end":{"line":48,"column":13}},"7":{"start":{"line":39,"column":16},"end":{"line":42,"column":30}},"8":{"start":{"line":44,"column":16},"end":{"line":47,"column":27}},"9":{"start":{"line":51,"column":8},"end":{"line":53,"column":21}},"10":{"start":{"line":55,"column":8},"end":{"line":57,"column":45}},"11":{"start":{"line":59,"column":8},"end":{"line":59,"column":35}},"12":{"start":{"line":61,"column":4},"end":{"line":325,"column":5}},"13":{"start":{"line":69,"column":8},"end":{"line":121,"column":10},"skip":true},"14":{"start":{"line":70,"column":12},"end":{"line":88,"column":13},"skip":true},"15":{"start":{"line":76,"column":16},"end":{"line":87,"column":19},"skip":true},"16":{"start":{"line":79,"column":20},"end":{"line":86,"column":21},"skip":true},"17":{"start":{"line":82,"column":24},"end":{"line":82,"column":43},"skip":true},"18":{"start":{"line":83,"column":24},"end":{"line":83,"column":30},"skip":true},"19":{"start":{"line":85,"column":24},"end":{"line":85,"column":49},"skip":true},"20":{"start":{"line":89,"column":12},"end":{"line":107,"column":13},"skip":true},"21":{"start":{"line":92,"column":16},"end":{"line":102,"column":17},"skip":true},"22":{"start":{"line":93,"column":20},"end":{"line":93,"column":86},"skip":true},"23":{"start":{"line":94,"column":20},"end":{"line":95,"column":45},"skip":true},"24":{"start":{"line":96,"column":20},"end":{"line":96,"column":42},"skip":true},"25":{"start":{"line":97,"column":20},"end":{"line":97,"column":48},"skip":true},"26":{"start":{"line":100,"column":20},"end":{"line":100,"column":85},"skip":true},"27":{"start":{"line":101,"column":20},"end":{"line":101,"column":96},"skip":true},"28":{"start":{"line":103,"column":16},"end":{"line":103,"column":22},"skip":true},"29":{"start":{"line":106,"column":16},"end":{"line":106,"column":22},"skip":true},"30":{"start":{"line":108,"column":12},"end":{"line":120,"column":13},"skip":true},"31":{"start":{"line":114,"column":16},"end":{"line":119,"column":17},"skip":true},"32":{"start":{"line":116,"column":20},"end":{"line":116,"column":78},"skip":true},"33":{"start":{"line":118,"column":20},"end":{"line":118,"column":47},"skip":true},"34":{"start":{"line":123,"column":8},"end":{"line":141,"column":11},"skip":true},"35":{"start":{"line":124,"column":12},"end":{"line":124,"column":54},"skip":true},"36":{"start":{"line":125,"column":12},"end":{"line":140,"column":14},"skip":true},"37":{"start":{"line":126,"column":16},"end":{"line":126,"column":28},"skip":true},"38":{"start":{"line":127,"column":16},"end":{"line":127,"column":69},"skip":true},"39":{"start":{"line":128,"column":16},"end":{"line":128,"column":75},"skip":true},"40":{"start":{"line":129,"column":16},"end":{"line":131,"column":17},"skip":true},"41":{"start":{"line":130,"column":20},"end":{"line":130,"column":27},"skip":true},"42":{"start":{"line":133,"column":16},"end":{"line":137,"column":36},"skip":true},"43":{"start":{"line":134,"column":20},"end":{"line":136,"column":55},"skip":true},"44":{"start":{"line":139,"column":16},"end":{"line":139,"column":57},"skip":true},"45":{"start":{"line":143,"column":8},"end":{"line":147,"column":11},"skip":true},"46":{"start":{"line":144,"column":12},"end":{"line":146,"column":15},"skip":true},"47":{"start":{"line":145,"column":16},"end":{"line":145,"column":70},"skip":true},"48":{"start":{"line":149,"column":8},"end":{"line":149,"column":31},"skip":true},"49":{"start":{"line":150,"column":8},"end":{"line":150,"column":14},"skip":true},"50":{"start":{"line":158,"column":8},"end":{"line":158,"column":31},"skip":true},"51":{"start":{"line":160,"column":8},"end":{"line":160,"column":33},"skip":true},"52":{"start":{"line":161,"column":8},"end":{"line":161,"column":37},"skip":true},"53":{"start":{"line":162,"column":8},"end":{"line":162,"column":35},"skip":true},"54":{"start":{"line":164,"column":8},"end":{"line":164,"column":50},"skip":true},"55":{"start":{"line":166,"column":8},"end":{"line":256,"column":2},"skip":true},"56":{"start":{"line":258,"column":8},"end":{"line":286,"column":9},"skip":true},"57":{"start":{"line":259,"column":12},"end":{"line":269,"column":14},"skip":true},"58":{"start":{"line":271,"column":12},"end":{"line":285,"column":19},"skip":true},"59":{"start":{"line":274,"column":20},"end":{"line":274,"column":35},"skip":true},"60":{"start":{"line":275,"column":20},"end":{"line":284,"column":21},"skip":true},"61":{"start":{"line":277,"column":24},"end":{"line":277,"column":64},"skip":true},"62":{"start":{"line":279,"column":24},"end":{"line":279,"column":40},"skip":true},"63":{"start":{"line":281,"column":24},"end":{"line":281,"column":40},"skip":true},"64":{"start":{"line":283,"column":24},"end":{"line":283,"column":39},"skip":true},"65":{"start":{"line":288,"column":8},"end":{"line":290,"column":9},"skip":true},"66":{"start":{"line":289,"column":12},"end":{"line":289,"column":18},"skip":true},"67":{"start":{"line":291,"column":8},"end":{"line":293,"column":54},"skip":true},"68":{"start":{"line":296,"column":8},"end":{"line":301,"column":37},"skip":true},"69":{"start":{"line":303,"column":8},"end":{"line":303,"column":82},"skip":true},"70":{"start":{"line":306,"column":8},"end":{"line":308,"column":9},"skip":true},"71":{"start":{"line":307,"column":12},"end":{"line":307,"column":82},"skip":true},"72":{"start":{"line":310,"column":8},"end":{"line":312,"column":9},"skip":true},"73":{"start":{"line":311,"column":12},"end":{"line":311,"column":18},"skip":true},"74":{"start":{"line":313,"column":8},"end":{"line":313,"column":54},"skip":true},"75":{"start":{"line":314,"column":8},"end":{"line":314,"column":69},"skip":true},"76":{"start":{"line":315,"column":8},"end":{"line":323,"column":36},"skip":true},"77":{"start":{"line":316,"column":12},"end":{"line":316,"column":61},"skip":true},"78":{"start":{"line":317,"column":12},"end":{"line":320,"column":13},"skip":true},"79":{"start":{"line":318,"column":16},"end":{"line":318,"column":75},"skip":true},"80":{"start":{"line":319,"column":16},"end":{"line":319,"column":23},"skip":true},"81":{"start":{"line":321,"column":12},"end":{"line":321,"column":38},"skip":true},"82":{"start":{"line":322,"column":12},"end":{"line":322,"column":27},"skip":true},"83":{"start":{"line":324,"column":8},"end":{"line":324,"column":14},"skip":true}},"branchMap":{"1":{"line":39,"type":"binary-expr","locations":[{"start":{"line":39,"column":23},"end":{"line":39,"column":62}},{"start":{"line":40,"column":20},"end":{"line":40,"column":70}},{"start":{"line":41,"column":20},"end":{"line":41,"column":71}},{"start":{"line":42,"column":20},"end":{"line":42,"column":29}}]},"2":{"line":44,"type":"binary-expr","locations":[{"start":{"line":44,"column":23},"end":{"line":44,"column":37}},{"start":{"line":45,"column":20},"end":{"line":45,"column":61}},{"start":{"line":46,"column":20},"end":{"line":46,"column":70}},{"start":{"line":47,"column":20},"end":{"line":47,"column":26}}]},"3":{"line":51,"type":"cond-expr","locations":[{"start":{"line":52,"column":14},"end":{"line":52,"column":20}},{"start":{"line":53,"column":14},"end":{"line":53,"column":20}}]},"4":{"line":55,"type":"binary-expr","locations":[{"start":{"line":55,"column":16},"end":{"line":55,"column":44}},{"start":{"line":55,"column":49},"end":{"line":57,"column":43}}]},"5":{"line":55,"type":"cond-expr","locations":[{"start":{"line":56,"column":14},"end":{"line":56,"column":61}},{"start":{"line":57,"column":14},"end":{"line":57,"column":43}}]},"6":{"line":61,"type":"switch","locations":[{"start":{"line":68,"column":4},"end":{"line":150,"column":14},"skip":true},{"start":{"line":156,"column":4},"end":{"line":324,"column":14},"skip":true}]},"7":{"line":70,"type":"if","locations":[{"start":{"line":70,"column":12},"end":{"line":70,"column":12},"skip":true},{"start":{"line":70,"column":12},"end":{"line":70,"column":12},"skip":true}]},"8":{"line":70,"type":"binary-expr","locations":[{"start":{"line":70,"column":16},"end":{"line":70,"column":22},"skip":true},{"start":{"line":70,"column":27},"end":{"line":70,"column":32},"skip":true},{"start":{"line":71,"column":20},"end":{"line":71,"column":39},"skip":true},{"start":{"line":72,"column":20},"end":{"line":72,"column":49},"skip":true},{"start":{"line":73,"column":20},"end":{"line":73,"column":58},"skip":true},{"start":{"line":74,"column":20},"end":{"line":74,"column":69},"skip":true}]},"9":{"line":79,"type":"switch","locations":[{"start":{"line":80,"column":20},"end":{"line":80,"column":33},"skip":true},{"start":{"line":81,"column":20},"end":{"line":83,"column":30},"skip":true},{"start":{"line":84,"column":20},"end":{"line":85,"column":49},"skip":true}]},"10":{"line":89,"type":"switch","locations":[{"start":{"line":90,"column":12},"end":{"line":103,"column":22},"skip":true},{"start":{"line":105,"column":12},"end":{"line":106,"column":22},"skip":true}]},"11":{"line":89,"type":"binary-expr","locations":[{"start":{"line":89,"column":20},"end":{"line":89,"column":25},"skip":true},{"start":{"line":89,"column":29},"end":{"line":89,"column":48},"skip":true},{"start":{"line":89,"column":52},"end":{"line":89,"column":74},"skip":true}]},"12":{"line":92,"type":"if","locations":[{"start":{"line":92,"column":16},"end":{"line":92,"column":16},"skip":true},{"start":{"line":92,"column":16},"end":{"line":92,"column":16},"skip":true}]},"13":{"line":108,"type":"if","locations":[{"start":{"line":108,"column":12},"end":{"line":108,"column":12},"skip":true},{"start":{"line":108,"column":12},"end":{"line":108,"column":12},"skip":true}]},"14":{"line":108,"type":"binary-expr","locations":[{"start":{"line":108,"column":16},"end":{"line":108,"column":61},"skip":true},{"start":{"line":108,"column":66},"end":{"line":108,"column":72},"skip":true},{"start":{"line":108,"column":77},"end":{"line":108,"column":82},"skip":true},{"start":{"line":109,"column":20},"end":{"line":109,"column":39},"skip":true},{"start":{"line":110,"column":20},"end":{"line":110,"column":49},"skip":true},{"start":{"line":111,"column":20},"end":{"line":111,"column":58},"skip":true},{"start":{"line":112,"column":20},"end":{"line":112,"column":68},"skip":true}]},"15":{"line":129,"type":"if","locations":[{"start":{"line":129,"column":16},"end":{"line":129,"column":16},"skip":true},{"start":{"line":129,"column":16},"end":{"line":129,"column":16},"skip":true}]},"16":{"line":134,"type":"cond-expr","locations":[{"start":{"line":135,"column":26},"end":{"line":135,"column":29},"skip":true},{"start":{"line":136,"column":26},"end":{"line":136,"column":54},"skip":true}]},"17":{"line":164,"type":"binary-expr","locations":[{"start":{"line":164,"column":27},"end":{"line":164,"column":43},"skip":true},{"start":{"line":164,"column":47},"end":{"line":164,"column":49},"skip":true}]},"18":{"line":258,"type":"if","locations":[{"start":{"line":258,"column":8},"end":{"line":258,"column":8},"skip":true},{"start":{"line":258,"column":8},"end":{"line":258,"column":8},"skip":true}]},"19":{"line":275,"type":"switch","locations":[{"start":{"line":276,"column":20},"end":{"line":277,"column":64},"skip":true},{"start":{"line":278,"column":20},"end":{"line":279,"column":40},"skip":true},{"start":{"line":280,"column":20},"end":{"line":281,"column":40},"skip":true},{"start":{"line":282,"column":20},"end":{"line":283,"column":39},"skip":true}]},"20":{"line":288,"type":"if","locations":[{"start":{"line":288,"column":8},"end":{"line":288,"column":8},"skip":true},{"start":{"line":288,"column":8},"end":{"line":288,"column":8},"skip":true}]},"21":{"line":288,"type":"binary-expr","locations":[{"start":{"line":288,"column":12},"end":{"line":288,"column":40},"skip":true},{"start":{"line":288,"column":44},"end":{"line":288,"column":67},"skip":true}]},"22":{"line":292,"type":"binary-expr","locations":[{"start":{"line":292,"column":12},"end":{"line":292,"column":50},"skip":true},{"start":{"line":293,"column":12},"end":{"line":293,"column":53},"skip":true}]},"23":{"line":297,"type":"binary-expr","locations":[{"start":{"line":297,"column":12},"end":{"line":297,"column":75},"skip":true},{"start":{"line":298,"column":12},"end":{"line":301,"column":36},"skip":true}]},"24":{"line":303,"type":"binary-expr","locations":[{"start":{"line":303,"column":43},"end":{"line":303,"column":75},"skip":true},{"start":{"line":303,"column":79},"end":{"line":303,"column":81},"skip":true}]},"25":{"line":306,"type":"if","locations":[{"start":{"line":306,"column":8},"end":{"line":306,"column":8},"skip":true},{"start":{"line":306,"column":8},"end":{"line":306,"column":8},"skip":true}]},"26":{"line":310,"type":"if","locations":[{"start":{"line":310,"column":8},"end":{"line":310,"column":8},"skip":true},{"start":{"line":310,"column":8},"end":{"line":310,"column":8},"skip":true}]},"27":{"line":313,"type":"binary-expr","locations":[{"start":{"line":313,"column":27},"end":{"line":313,"column":43},"skip":true},{"start":{"line":313,"column":47},"end":{"line":313,"column":53},"skip":true}]},"28":{"line":317,"type":"if","locations":[{"start":{"line":317,"column":12},"end":{"line":317,"column":12},"skip":true},{"start":{"line":317,"column":12},"end":{"line":317,"column":12},"skip":true}]}},"code":["/*","example.js","","quickstart example","","instruction","    1. save this script as example.js","    2. run the shell command:","        $ npm install npmtest-systeminformation && PORT=8081 node example.js","    3. play with the browser-demo on http://127.0.0.1:8081","*/","","","","/* istanbul instrument in package npmtest_systeminformation */","/*jslint","    bitwise: true,","    browser: true,","    maxerr: 8,","    maxlen: 96,","    node: true,","    nomen: true,","    regexp: true,","    stupid: true","*/","(function () {","    'use strict';","    var local;","","","","    // run shared js-env code - init-before","    (function () {","        // init local","        local = {};","        // init modeJs","        local.modeJs = (function () {","            try {","                return typeof navigator.userAgent === 'string' &&","                    typeof document.querySelector('body') === 'object' &&","                    typeof XMLHttpRequest.prototype.open === 'function' &&","                    'browser';","            } catch (errorCaughtBrowser) {","                return module.exports &&","                    typeof process.versions.node === 'string' &&","                    typeof require('http').createServer === 'function' &&","                    'node';","            }","        }());","        // init global","        local.global = local.modeJs === 'browser'","            ? window","            : global;","        // init utility2_rollup","        local = local.global.utility2_rollup || (local.modeJs === 'browser'","            ? local.global.utility2_npmtest_systeminformation","            : global.utility2_moduleExports);","        // export local","        local.global.local = local;","    }());","    switch (local.modeJs) {","","","","    // init-after","    // run browser js-env code - init-after","    /* istanbul ignore next */","    case 'browser':","        local.testRunBrowser = function (event) {","            if (!event || (event &&","                    event.currentTarget &&","                    event.currentTarget.className &&","                    event.currentTarget.className.includes &&","                    event.currentTarget.className.includes('onreset'))) {","                // reset output","                Array.from(","                    document.querySelectorAll('body > .resettable')","                ).forEach(function (element) {","                    switch (element.tagName) {","                    case 'INPUT':","                    case 'TEXTAREA':","                        element.value = '';","                        break;","                    default:","                        element.textContent = '';","                    }","                });","            }","            switch (event && event.currentTarget && event.currentTarget.id) {","            case 'testRunButton1':","                // show tests","                if (document.querySelector('#testReportDiv1').style.display === 'none') {","                    document.querySelector('#testReportDiv1').style.display = 'block';","                    document.querySelector('#testRunButton1').textContent =","                        'hide internal test';","                    local.modeTest = true;","                    local.testRunDefault(local);","                // hide tests","                } else {","                    document.querySelector('#testReportDiv1').style.display = 'none';","                    document.querySelector('#testRunButton1').textContent = 'run internal test';","                }","                break;","            // custom-case","            default:","                break;","            }","            if (document.querySelector('#inputTextareaEval1') && (!event || (event &&","                    event.currentTarget &&","                    event.currentTarget.className &&","                    event.currentTarget.className.includes &&","                    event.currentTarget.className.includes('oneval')))) {","                // try to eval input-code","                try {","                    /*jslint evil: true*/","                    eval(document.querySelector('#inputTextareaEval1').value);","                } catch (errorCaught) {","                    console.error(errorCaught);","                }","            }","        };","        // log stderr and stdout to #outputTextareaStdout1","        ['error', 'log'].forEach(function (key) {","            console[key + '_original'] = console[key];","            console[key] = function () {","                var element;","                console[key + '_original'].apply(console, arguments);","                element = document.querySelector('#outputTextareaStdout1');","                if (!element) {","                    return;","                }","                // append text to #outputTextareaStdout1","                element.value += Array.from(arguments).map(function (arg) {","                    return typeof arg === 'string'","                        ? arg","                        : JSON.stringify(arg, null, 4);","                }).join(' ') + '\\n';","                // scroll textarea to bottom","                element.scrollTop = element.scrollHeight;","            };","        });","        // init event-handling","        ['change', 'click', 'keyup'].forEach(function (event) {","            Array.from(document.querySelectorAll('.on' + event)).forEach(function (element) {","                element.addEventListener(event, local.testRunBrowser);","            });","        });","        // run tests","        local.testRunBrowser();","        break;","","","","    // run node js-env code - init-after","    /* istanbul ignore next */","    case 'node':","        // export local","        module.exports = local;","        // require modules","        local.fs = require('fs');","        local.http = require('http');","        local.url = require('url');","        // init assets","        local.assetsDict = local.assetsDict || {};","        /* jslint-ignore-begin */","        local.assetsDict['/assets.index.template.html'] = '\\","<!doctype html>\\n\\","<html lang=\"en\">\\n\\","<head>\\n\\","<meta charset=\"UTF-8\">\\n\\","<meta name=\"viewport\" content=\"width=device-width, initial-scale=1\">\\n\\","<title>{{env.npm_package_name}} (v{{env.npm_package_version}})</title>\\n\\","<style>\\n\\","/*csslint\\n\\","    box-sizing: false,\\n\\","    universal-selector: false\\n\\","*/\\n\\","* {\\n\\","    box-sizing: border-box;\\n\\","}\\n\\","body {\\n\\","    background: #dde;\\n\\","    font-family: Arial, Helvetica, sans-serif;\\n\\","    margin: 2rem;\\n\\","}\\n\\","body > * {\\n\\","    margin-bottom: 1rem;\\n\\","}\\n\\",".utility2FooterDiv {\\n\\","    margin-top: 20px;\\n\\","    text-align: center;\\n\\","}\\n\\","</style>\\n\\","<style>\\n\\","/*csslint\\n\\","*/\\n\\","textarea {\\n\\","    font-family: monospace;\\n\\","    height: 10rem;\\n\\","    width: 100%;\\n\\","}\\n\\","textarea[readonly] {\\n\\","    background: #ddd;\\n\\","}\\n\\","</style>\\n\\","</head>\\n\\","<body>\\n\\","<!-- utility2-comment\\n\\","<div id=\"ajaxProgressDiv1\" style=\"background: #d00; height: 2px; left: 0; margin: 0; padding: 0; position: fixed; top: 0; transition: background 0.5s, width 1.5s; width: 25%;\"></div>\\n\\","utility2-comment -->\\n\\","<h1>\\n\\","<!-- utility2-comment\\n\\","    <a\\n\\","        {{#if env.npm_package_homepage}}\\n\\","        href=\"{{env.npm_package_homepage}}\"\\n\\","        {{/if env.npm_package_homepage}}\\n\\","        target=\"_blank\"\\n\\","    >\\n\\","utility2-comment -->\\n\\","        {{env.npm_package_name}} (v{{env.npm_package_version}})\\n\\","<!-- utility2-comment\\n\\","    </a>\\n\\","utility2-comment -->\\n\\","</h1>\\n\\","<h3>{{env.npm_package_description}}</h3>\\n\\","<!-- utility2-comment\\n\\","<h4><a download href=\"assets.app.js\">download standalone app</a></h4>\\n\\","<button class=\"onclick onreset\" id=\"testRunButton1\">run internal test</button><br>\\n\\","<div id=\"testReportDiv1\" style=\"display: none;\"></div>\\n\\","utility2-comment -->\\n\\","\\n\\","\\n\\","\\n\\","<label>stderr and stdout</label>\\n\\","<textarea class=\"resettable\" id=\"outputTextareaStdout1\" readonly></textarea>\\n\\","<!-- utility2-comment\\n\\","{{#if isRollup}}\\n\\","<script src=\"assets.app.js\"></script>\\n\\","{{#unless isRollup}}\\n\\","utility2-comment -->\\n\\","<script src=\"assets.utility2.rollup.js\"></script>\\n\\","<script src=\"jsonp.utility2._stateInit?callback=window.utility2._stateInit\"></script>\\n\\","<script src=\"assets.npmtest_systeminformation.rollup.js\"></script>\\n\\","<script src=\"assets.example.js\"></script>\\n\\","<script src=\"assets.test.js\"></script>\\n\\","<!-- utility2-comment\\n\\","{{/if isRollup}}\\n\\","utility2-comment -->\\n\\","<div class=\"utility2FooterDiv\">\\n\\","    [ this app was created with\\n\\","    <a href=\"https://github.com/kaizhu256/node-utility2\" target=\"_blank\">utility2</a>\\n\\","    ]\\n\\","</div>\\n\\","</body>\\n\\","</html>\\n\\","';","        /* jslint-ignore-end */","        if (local.templateRender) {","            local.assetsDict['/'] = local.templateRender(","                local.assetsDict['/assets.index.template.html'],","                {","                    env: local.objectSetDefault(local.env, {","                        npm_package_description: 'the greatest app in the world!',","                        npm_package_name: 'my-app',","                        npm_package_nameAlias: 'my_app',","                        npm_package_version: '0.0.1'","                    })","                }","            );","        } else {","            local.assetsDict['/'] = local.assetsDict['/assets.index.template.html']","                .replace((/\\{\\{env\\.(\\w+?)\\}\\}/g), function (match0, match1) {","                    // jslint-hack","                    String(match0);","                    switch (match1) {","                    case 'npm_package_description':","                        return 'the greatest app in the world!';","                    case 'npm_package_name':","                        return 'my-app';","                    case 'npm_package_nameAlias':","                        return 'my_app';","                    case 'npm_package_version':","                        return '0.0.1';","                    }","                });","        }","        // run the cli","        if (local.global.utility2_rollup || module !== require.main) {","            break;","        }","        local.assetsDict['/assets.example.js'] =","            local.assetsDict['/assets.example.js'] ||","            local.fs.readFileSync(__filename, 'utf8');","        // bug-workaround - long $npm_package_buildCustomOrg","        /* jslint-ignore-begin */","        local.assetsDict['/assets.npmtest_systeminformation.rollup.js'] =","            local.assetsDict['/assets.npmtest_systeminformation.rollup.js'] ||","            local.fs.readFileSync(","                local.npmtest_systeminformation.__dirname + '/lib.npmtest_systeminformation.js',","                'utf8'","            ).replace((/^#!/), '//');","        /* jslint-ignore-end */","        local.assetsDict['/favicon.ico'] = local.assetsDict['/favicon.ico'] || '';","        // if $npm_config_timeout_exit exists,","        // then exit this process after $npm_config_timeout_exit ms","        if (Number(process.env.npm_config_timeout_exit)) {","            setTimeout(process.exit, Number(process.env.npm_config_timeout_exit));","        }","        // start server","        if (local.global.utility2_serverHttp1) {","            break;","        }","        process.env.PORT = process.env.PORT || '8081';","        console.error('server starting on port ' + process.env.PORT);","        local.http.createServer(function (request, response) {","            request.urlParsed = local.url.parse(request.url);","            if (local.assetsDict[request.urlParsed.pathname] !== undefined) {","                response.end(local.assetsDict[request.urlParsed.pathname]);","                return;","            }","            response.statusCode = 404;","            response.end();","        }).listen(process.env.PORT);","        break;","    }","}());",""],"l":{"26":2,"28":2,"33":2,"35":2,"37":2,"38":2,"39":2,"44":1,"51":2,"55":2,"59":2,"61":2,"69":1,"70":2,"76":2,"79":2,"82":2,"83":2,"85":1,"89":2,"92":1,"93":1,"94":1,"96":1,"97":1,"100":1,"101":1,"103":1,"106":1,"108":2,"114":1,"116":1,"118":1,"123":1,"124":2,"125":2,"126":3,"127":3,"128":3,"129":3,"130":1,"133":3,"134":3,"139":3,"143":1,"144":3,"145":1,"149":1,"150":1,"158":1,"160":1,"161":1,"162":1,"164":1,"166":1,"258":1,"259":1,"271":1,"274":6,"275":6,"277":1,"279":2,"281":1,"283":2,"288":1,"289":1,"291":1,"296":1,"303":1,"306":1,"307":1,"310":1,"311":1,"313":1,"314":1,"315":1,"316":1,"317":1,"318":1,"319":1,"321":1,"322":1,"324":1}},"/home/travis/build/npmtest/node-npmtest-systeminformation/node_modules/systeminformation/lib/index.js":{"path":"/home/travis/build/npmtest/node-npmtest-systeminformation/node_modules/systeminformation/lib/index.js","s":{"1":1,"2":1,"3":1,"4":1,"5":1,"6":1,"7":1,"8":1,"9":1,"10":1,"11":1,"12":1,"13":1,"14":1,"15":1,"16":1,"17":1,"18":1,"19":1,"20":0,"21":1,"22":0,"23":0,"24":0,"25":0,"26":0,"27":0,"28":0,"29":0,"30":0,"31":0,"32":0,"33":0,"34":0,"35":0,"36":0,"37":0,"38":0,"39":0,"40":0,"41":0,"42":0,"43":0,"44":0,"45":0,"46":1,"47":0,"48":0,"49":0,"50":0,"51":0,"52":0,"53":0,"54":0,"55":0,"56":0,"57":0,"58":0,"59":0,"60":0,"61":0,"62":0,"63":0,"64":0,"65":0,"66":0,"67":0,"68":0,"69":0,"70":0,"71":0,"72":0,"73":0,"74":0,"75":0,"76":0,"77":0,"78":0,"79":0,"80":0,"81":0,"82":0,"83":0,"84":0,"85":0,"86":0,"87":0,"88":0,"89":0,"90":0,"91":0,"92":0,"93":0,"94":0,"95":0,"96":0,"97":0,"98":0,"99":0,"100":0,"101":0,"102":0,"103":0,"104":0,"105":0,"106":0,"107":0,"108":0,"109":0,"110":0,"111":0,"112":0,"113":0,"114":0,"115":1,"116":0,"117":0,"118":0,"119":0,"120":0,"121":0,"122":0,"123":0,"124":0,"125":0,"126":0,"127":0,"128":0,"129":0,"130":0,"131":0,"132":0,"133":1,"134":1,"135":1,"136":1,"137":1,"138":1,"139":1,"140":1,"141":1,"142":1,"143":1,"144":1,"145":1,"146":1,"147":1,"148":1,"149":1,"150":1,"151":1,"152":1,"153":1,"154":1,"155":1,"156":1,"157":1,"158":1,"159":1,"160":1,"161":1,"162":1,"163":1,"164":1,"165":1,"166":1,"167":1,"168":1,"169":1},"b":{"1":[0,0],"2":[0,0],"3":[0,0],"4":[0,0],"5":[0,0],"6":[0,0],"7":[0,0],"8":[0,0],"9":[0,0],"10":[0,0],"11":[0,0],"12":[0,0],"13":[0,0],"14":[0,0],"15":[0,0]},"f":{"1":0,"2":0,"3":0,"4":0,"5":0,"6":0},"fnMap":{"1":{"name":"version","line":171,"loc":{"start":{"line":171,"column":0},"end":{"line":171,"column":19}}},"2":{"name":"getStaticData","line":182,"loc":{"start":{"line":182,"column":0},"end":{"line":182,"column":33}}},"3":{"name":"getDynamicData","line":228,"loc":{"start":{"line":228,"column":0},"end":{"line":228,"column":46}}},"4":{"name":"(anonymous_4)","line":251,"loc":{"start":{"line":251,"column":31},"end":{"line":251,"column":43}}},"5":{"name":"(anonymous_5)","line":254,"loc":{"start":{"line":254,"column":15},"end":{"line":254,"column":27}}},"6":{"name":"getAllData","line":364,"loc":{"start":{"line":364,"column":0},"end":{"line":364,"column":42}}}},"statementMap":{"1":{"start":{"line":144,"column":0},"end":{"line":145,"column":23}},"2":{"start":{"line":147,"column":0},"end":{"line":147,"column":55}},"3":{"start":{"line":148,"column":0},"end":{"line":148,"column":31}},"4":{"start":{"line":149,"column":0},"end":{"line":149,"column":35}},"5":{"start":{"line":150,"column":0},"end":{"line":150,"column":35}},"6":{"start":{"line":151,"column":0},"end":{"line":151,"column":29}},"7":{"start":{"line":152,"column":0},"end":{"line":152,"column":32}},"8":{"start":{"line":153,"column":0},"end":{"line":153,"column":37}},"9":{"start":{"line":154,"column":0},"end":{"line":154,"column":39}},"10":{"start":{"line":155,"column":0},"end":{"line":155,"column":43}},"11":{"start":{"line":156,"column":0},"end":{"line":156,"column":37}},"12":{"start":{"line":157,"column":0},"end":{"line":157,"column":41}},"13":{"start":{"line":158,"column":0},"end":{"line":158,"column":33}},"14":{"start":{"line":159,"column":0},"end":{"line":159,"column":39}},"15":{"start":{"line":160,"column":0},"end":{"line":160,"column":35}},"16":{"start":{"line":162,"column":0},"end":{"line":162,"column":26}},"17":{"start":{"line":163,"column":0},"end":{"line":163,"column":44}},"18":{"start":{"line":165,"column":0},"end":{"line":165,"column":38}},"19":{"start":{"line":171,"column":0},"end":{"line":173,"column":1}},"20":{"start":{"line":172,"column":2},"end":{"line":172,"column":21}},"21":{"start":{"line":182,"column":0},"end":{"line":218,"column":1}},"22":{"start":{"line":184,"column":2},"end":{"line":217,"column":5}},"23":{"start":{"line":185,"column":4},"end":{"line":216,"column":7}},"24":{"start":{"line":186,"column":6},"end":{"line":190,"column":7}},"25":{"start":{"line":187,"column":8},"end":{"line":187,"column":45}},"26":{"start":{"line":188,"column":8},"end":{"line":188,"column":49}},"27":{"start":{"line":188,"column":24},"end":{"line":188,"column":48}},"28":{"start":{"line":189,"column":8},"end":{"line":189,"column":22}},"29":{"start":{"line":192,"column":6},"end":{"line":192,"column":20}},"30":{"start":{"line":194,"column":6},"end":{"line":194,"column":31}},"31":{"start":{"line":196,"column":6},"end":{"line":215,"column":8}},"32":{"start":{"line":197,"column":8},"end":{"line":197,"column":26}},"33":{"start":{"line":198,"column":8},"end":{"line":214,"column":10}},"34":{"start":{"line":199,"column":10},"end":{"line":199,"column":24}},"35":{"start":{"line":200,"column":10},"end":{"line":213,"column":12}},"36":{"start":{"line":201,"column":12},"end":{"line":201,"column":32}},"37":{"start":{"line":202,"column":12},"end":{"line":212,"column":14}},"38":{"start":{"line":203,"column":14},"end":{"line":203,"column":29}},"39":{"start":{"line":204,"column":14},"end":{"line":211,"column":16}},"40":{"start":{"line":205,"column":16},"end":{"line":205,"column":36}},"41":{"start":{"line":206,"column":16},"end":{"line":210,"column":18}},"42":{"start":{"line":207,"column":18},"end":{"line":207,"column":33}},"43":{"start":{"line":208,"column":18},"end":{"line":208,"column":50}},"44":{"start":{"line":208,"column":34},"end":{"line":208,"column":49}},"45":{"start":{"line":209,"column":18},"end":{"line":209,"column":32}},"46":{"start":{"line":228,"column":0},"end":{"line":355,"column":1}},"47":{"start":{"line":230,"column":2},"end":{"line":233,"column":3}},"48":{"start":{"line":231,"column":4},"end":{"line":231,"column":21}},"49":{"start":{"line":232,"column":4},"end":{"line":232,"column":15}},"50":{"start":{"line":234,"column":2},"end":{"line":237,"column":3}},"51":{"start":{"line":235,"column":4},"end":{"line":235,"column":19}},"52":{"start":{"line":236,"column":4},"end":{"line":236,"column":13}},"53":{"start":{"line":239,"column":2},"end":{"line":354,"column":5}},"54":{"start":{"line":240,"column":4},"end":{"line":353,"column":7}},"55":{"start":{"line":241,"column":6},"end":{"line":245,"column":7}},"56":{"start":{"line":242,"column":8},"end":{"line":242,"column":45}},"57":{"start":{"line":243,"column":8},"end":{"line":243,"column":49}},"58":{"start":{"line":243,"column":24},"end":{"line":243,"column":48}},"59":{"start":{"line":244,"column":8},"end":{"line":244,"column":22}},"60":{"start":{"line":247,"column":6},"end":{"line":247,"column":60}},"61":{"start":{"line":248,"column":6},"end":{"line":248,"column":22}},"62":{"start":{"line":251,"column":6},"end":{"line":260,"column":11}},"63":{"start":{"line":252,"column":8},"end":{"line":252,"column":32}},"64":{"start":{"line":254,"column":8},"end":{"line":259,"column":10}},"65":{"start":{"line":255,"column":10},"end":{"line":258,"column":11}},"66":{"start":{"line":256,"column":12},"end":{"line":256,"column":44}},"67":{"start":{"line":256,"column":28},"end":{"line":256,"column":43}},"68":{"start":{"line":257,"column":12},"end":{"line":257,"column":26}},"69":{"start":{"line":270,"column":6},"end":{"line":270,"column":20}},"70":{"start":{"line":273,"column":6},"end":{"line":273,"column":32}},"71":{"start":{"line":281,"column":6},"end":{"line":281,"column":40}},"72":{"start":{"line":282,"column":6},"end":{"line":282,"column":36}},"73":{"start":{"line":284,"column":6},"end":{"line":287,"column":9}},"74":{"start":{"line":285,"column":8},"end":{"line":285,"column":35}},"75":{"start":{"line":286,"column":8},"end":{"line":286,"column":28}},"76":{"start":{"line":289,"column":6},"end":{"line":292,"column":9}},"77":{"start":{"line":290,"column":8},"end":{"line":290,"column":25}},"78":{"start":{"line":291,"column":8},"end":{"line":291,"column":28}},"79":{"start":{"line":294,"column":6},"end":{"line":297,"column":9}},"80":{"start":{"line":295,"column":8},"end":{"line":295,"column":29}},"81":{"start":{"line":296,"column":8},"end":{"line":296,"column":28}},"82":{"start":{"line":299,"column":6},"end":{"line":302,"column":9}},"83":{"start":{"line":300,"column":8},"end":{"line":300,"column":31}},"84":{"start":{"line":301,"column":8},"end":{"line":301,"column":28}},"85":{"start":{"line":304,"column":6},"end":{"line":307,"column":9}},"86":{"start":{"line":305,"column":8},"end":{"line":305,"column":24}},"87":{"start":{"line":306,"column":8},"end":{"line":306,"column":28}},"88":{"start":{"line":309,"column":6},"end":{"line":312,"column":9}},"89":{"start":{"line":310,"column":8},"end":{"line":310,"column":32}},"90":{"start":{"line":311,"column":8},"end":{"line":311,"column":28}},"91":{"start":{"line":314,"column":6},"end":{"line":317,"column":9}},"92":{"start":{"line":315,"column":8},"end":{"line":315,"column":38}},"93":{"start":{"line":316,"column":8},"end":{"line":316,"column":28}},"94":{"start":{"line":319,"column":6},"end":{"line":322,"column":9}},"95":{"start":{"line":320,"column":8},"end":{"line":320,"column":23}},"96":{"start":{"line":321,"column":8},"end":{"line":321,"column":28}},"97":{"start":{"line":324,"column":6},"end":{"line":327,"column":9}},"98":{"start":{"line":325,"column":8},"end":{"line":325,"column":27}},"99":{"start":{"line":326,"column":8},"end":{"line":326,"column":28}},"100":{"start":{"line":329,"column":6},"end":{"line":332,"column":9}},"101":{"start":{"line":330,"column":8},"end":{"line":330,"column":28}},"102":{"start":{"line":331,"column":8},"end":{"line":331,"column":28}},"103":{"start":{"line":334,"column":6},"end":{"line":337,"column":9}},"104":{"start":{"line":335,"column":8},"end":{"line":335,"column":26}},"105":{"start":{"line":336,"column":8},"end":{"line":336,"column":28}},"106":{"start":{"line":339,"column":6},"end":{"line":342,"column":9}},"107":{"start":{"line":340,"column":8},"end":{"line":340,"column":27}},"108":{"start":{"line":341,"column":8},"end":{"line":341,"column":28}},"109":{"start":{"line":344,"column":6},"end":{"line":347,"column":9}},"110":{"start":{"line":345,"column":8},"end":{"line":345,"column":27}},"111":{"start":{"line":346,"column":8},"end":{"line":346,"column":28}},"112":{"start":{"line":349,"column":6},"end":{"line":352,"column":9}},"113":{"start":{"line":350,"column":8},"end":{"line":350,"column":31}},"114":{"start":{"line":351,"column":8},"end":{"line":351,"column":28}},"115":{"start":{"line":364,"column":0},"end":{"line":390,"column":1}},"116":{"start":{"line":366,"column":2},"end":{"line":389,"column":5}},"117":{"start":{"line":367,"column":4},"end":{"line":388,"column":7}},"118":{"start":{"line":368,"column":6},"end":{"line":372,"column":7}},"119":{"start":{"line":369,"column":8},"end":{"line":369,"column":45}},"120":{"start":{"line":370,"column":8},"end":{"line":370,"column":49}},"121":{"start":{"line":370,"column":24},"end":{"line":370,"column":48}},"122":{"start":{"line":371,"column":8},"end":{"line":371,"column":22}},"123":{"start":{"line":374,"column":6},"end":{"line":374,"column":20}},"124":{"start":{"line":376,"column":6},"end":{"line":387,"column":8}},"125":{"start":{"line":377,"column":8},"end":{"line":377,"column":19}},"126":{"start":{"line":378,"column":8},"end":{"line":386,"column":11}},"127":{"start":{"line":379,"column":10},"end":{"line":383,"column":11}},"128":{"start":{"line":380,"column":12},"end":{"line":382,"column":13}},"129":{"start":{"line":381,"column":14},"end":{"line":381,"column":35}},"130":{"start":{"line":384,"column":10},"end":{"line":384,"column":42}},"131":{"start":{"line":384,"column":26},"end":{"line":384,"column":41}},"132":{"start":{"line":385,"column":10},"end":{"line":385,"column":24}},"133":{"start":{"line":396,"column":0},"end":{"line":396,"column":26}},"134":{"start":{"line":397,"column":0},"end":{"line":397,"column":24}},"135":{"start":{"line":399,"column":0},"end":{"line":399,"column":27}},"136":{"start":{"line":400,"column":0},"end":{"line":400,"column":31}},"137":{"start":{"line":401,"column":0},"end":{"line":401,"column":35}},"138":{"start":{"line":402,"column":0},"end":{"line":402,"column":29}},"139":{"start":{"line":404,"column":0},"end":{"line":404,"column":22}},"140":{"start":{"line":405,"column":0},"end":{"line":405,"column":32}},"141":{"start":{"line":406,"column":0},"end":{"line":406,"column":32}},"142":{"start":{"line":407,"column":0},"end":{"line":407,"column":46}},"143":{"start":{"line":408,"column":0},"end":{"line":408,"column":44}},"144":{"start":{"line":409,"column":0},"end":{"line":409,"column":38}},"145":{"start":{"line":410,"column":0},"end":{"line":410,"column":32}},"146":{"start":{"line":412,"column":0},"end":{"line":412,"column":18}},"147":{"start":{"line":414,"column":0},"end":{"line":414,"column":26}},"148":{"start":{"line":416,"column":0},"end":{"line":416,"column":37}},"149":{"start":{"line":418,"column":0},"end":{"line":418,"column":35}},"150":{"start":{"line":419,"column":0},"end":{"line":419,"column":47}},"151":{"start":{"line":420,"column":0},"end":{"line":420,"column":37}},"152":{"start":{"line":421,"column":0},"end":{"line":421,"column":37}},"153":{"start":{"line":423,"column":0},"end":{"line":423,"column":66}},"154":{"start":{"line":424,"column":0},"end":{"line":424,"column":54}},"155":{"start":{"line":425,"column":0},"end":{"line":425,"column":44}},"156":{"start":{"line":426,"column":0},"end":{"line":426,"column":56}},"157":{"start":{"line":428,"column":0},"end":{"line":428,"column":38}},"158":{"start":{"line":429,"column":0},"end":{"line":429,"column":40}},"159":{"start":{"line":430,"column":0},"end":{"line":430,"column":44}},"160":{"start":{"line":432,"column":0},"end":{"line":432,"column":28}},"161":{"start":{"line":434,"column":0},"end":{"line":434,"column":47}},"162":{"start":{"line":435,"column":0},"end":{"line":435,"column":43}},"163":{"start":{"line":437,"column":0},"end":{"line":437,"column":51}},"164":{"start":{"line":438,"column":0},"end":{"line":438,"column":59}},"165":{"start":{"line":439,"column":0},"end":{"line":439,"column":67}},"166":{"start":{"line":440,"column":0},"end":{"line":440,"column":37}},"167":{"start":{"line":442,"column":0},"end":{"line":442,"column":38}},"168":{"start":{"line":443,"column":0},"end":{"line":443,"column":40}},"169":{"start":{"line":444,"column":0},"end":{"line":444,"column":32}}},"branchMap":{"1":{"line":186,"type":"if","locations":[{"start":{"line":186,"column":6},"end":{"line":186,"column":6}},{"start":{"line":186,"column":6},"end":{"line":186,"column":6}}]},"2":{"line":188,"type":"if","locations":[{"start":{"line":188,"column":8},"end":{"line":188,"column":8}},{"start":{"line":188,"column":8},"end":{"line":188,"column":8}}]},"3":{"line":208,"type":"if","locations":[{"start":{"line":208,"column":18},"end":{"line":208,"column":18}},{"start":{"line":208,"column":18},"end":{"line":208,"column":18}}]},"4":{"line":230,"type":"if","locations":[{"start":{"line":230,"column":2},"end":{"line":230,"column":2}},{"start":{"line":230,"column":2},"end":{"line":230,"column":2}}]},"5":{"line":234,"type":"if","locations":[{"start":{"line":234,"column":2},"end":{"line":234,"column":2}},{"start":{"line":234,"column":2},"end":{"line":234,"column":2}}]},"6":{"line":241,"type":"if","locations":[{"start":{"line":241,"column":6},"end":{"line":241,"column":6}},{"start":{"line":241,"column":6},"end":{"line":241,"column":6}}]},"7":{"line":243,"type":"if","locations":[{"start":{"line":243,"column":8},"end":{"line":243,"column":8}},{"start":{"line":243,"column":8},"end":{"line":243,"column":8}}]},"8":{"line":247,"type":"binary-expr","locations":[{"start":{"line":247,"column":14},"end":{"line":247,"column":19}},{"start":{"line":247,"column":23},"end":{"line":247,"column":59}}]},"9":{"line":248,"type":"binary-expr","locations":[{"start":{"line":248,"column":12},"end":{"line":248,"column":15}},{"start":{"line":248,"column":19},"end":{"line":248,"column":21}}]},"10":{"line":255,"type":"if","locations":[{"start":{"line":255,"column":10},"end":{"line":255,"column":10}},{"start":{"line":255,"column":10},"end":{"line":255,"column":10}}]},"11":{"line":256,"type":"if","locations":[{"start":{"line":256,"column":12},"end":{"line":256,"column":12}},{"start":{"line":256,"column":12},"end":{"line":256,"column":12}}]},"12":{"line":368,"type":"if","locations":[{"start":{"line":368,"column":6},"end":{"line":368,"column":6}},{"start":{"line":368,"column":6},"end":{"line":368,"column":6}}]},"13":{"line":370,"type":"if","locations":[{"start":{"line":370,"column":8},"end":{"line":370,"column":8}},{"start":{"line":370,"column":8},"end":{"line":370,"column":8}}]},"14":{"line":380,"type":"if","locations":[{"start":{"line":380,"column":12},"end":{"line":380,"column":12}},{"start":{"line":380,"column":12},"end":{"line":380,"column":12}}]},"15":{"line":384,"type":"if","locations":[{"start":{"line":384,"column":10},"end":{"line":384,"column":10}},{"start":{"line":384,"column":10},"end":{"line":384,"column":10}}]}},"code":["'use strict';","// ==================================================================================","// index.js","// ----------------------------------------------------------------------------------","// Description:   System Information - library","//                for Node.js","// Copyright:     (c) 2014 - 2017","// Author:        Sebastian Hildebrandt","// ----------------------------------------------------------------------------------","// Contributors:  Guillaume Legrain (https://github.com/glegrain)","//                Riccardo Novaglia (https://github.com/richy24)","//                Quentin Busuttil (https://github.com/Buzut)","//                Lapsio (https://github.com/lapsio)","//                csy (https://github.com/csy1983)","// ----------------------------------------------------------------------------------","// License:       MIT","// ==================================================================================","//","// Sections","// --------------------------------","// 1. General","// 2. System (HW)","// 3. OS - Operating System","// 4. CPU","// 5. Memory","// 6. Battery","// 7. Graphics","// 8. File System","// 9. Network","// 10. Processes","// 11. Users/Sessions","// 12. Internet","// 13. Docker","// 14. GetAll - get all data","//","// ==================================================================================","//","// Installation","// --------------------------------","//","// # npm install systeminformation --save","//","// Since version 2.0 systeminformation has no more dependencies.","//","// ==================================================================================","//","// Usage","// --------------------------------","// All functions (except `version` and `time`) are asynchronous functions. Here a small example how to use them:","//","// var si = require('systeminformation');","//","// // callback style","// si.cpu(function(data) {","//\t  console.log('CPU-Information:');","//\t  console.log(data);","// })","//","// // promises style","// si.cpu()","// \t.then(data => console.log(data))","// \t.catch(error => console.error(error));","//","// ==================================================================================","//","// Comments","// --------------------------------","//","// This library is still work in progress. Version 3 comes with further improvements. First it","// requires now node.js version 4.0 and above. Another big change is, that all functions now","// return promises. You can use them like before with callbacks OR with promises (see documentation","// below. I am sure, there is for sure room for improvement. I was only able to test it on several","// Debian, Raspbian, Ubuntu distributions as well as OS X (Mavericks, Yosemite, El Captain).","// Since version 2 nearly all functionality is available on OS X/Darwin platforms.","// But be careful, this library will definitely NOT work on Windows platforms!","//","// Comments, suggestions & reports are very welcome!","//","// ==================================================================================","//","// Version history","// --------------------------------","//","// version\tdate\t      comment","// 3.17.2   2017-04-24  minor fix (removed console.log)","// 3.17.1   2017-04-23  fixed bugs fsSize(win), si.processes (command), si.osinfo(win)","// 3.17.0\t  2017-02-19\twindows support for some first functions","// 3.16.0\t  2017-01-19\tblockDevices: added removable attribute + fix","// 3.15.1\t  2017-01-17\tminor cpuTemperature fix (OSX)","// 3.15.0\t  2017-01-15\tadded cpuTemperature also for OSX","// 3.14.0\t  2017-01-14\tadded currentLoad per cpu/core, cpu cache (L1, L2, L3) and cpu flags","// 3.13.0\t  2016-11-23\tadded shell (determines standard shell)","// 3.12.0\t  2016-11-17\trefactoring and extended currentLoad (better OSX coverage and added irq load)","// 3.11.2\t  2016-11-16\tblockDevices: improved for older lsblk versions","// 3.11.1\t  2016-11-16\tfixed small bug in blockDevices","// 3.11.0\t  2016-11-15\tblockDevices for OSX and extended blockDevices","// 3.10.2\t  2016-11-14\tbug fix fsSize on OSX","// 3.10.1\t  2016-11-14\toptimization fsStats, disksIO, networkStats","// 3.10.0\t  2016-11-12\tadded blockDevices, fixed fsSize,  added file system type","// 3.9.0\t  2016-11-11\tadded MAC address to networkInterfaces, fixed currentLoad","// 3.8.1\t  2016-11-04\tupdated docs","// 3.8.0\t  2016-11-04\tadded dockerContainerProcesses","// 3.7.1\t  2016-11-03\tcode refactoring","// 3.7.0\t  2016-11-02\textended docker stats, and no longer relying on curl (version conflicts)","// 3.6.0\t  2016-09-16\tadded versions (kernel, ssl, node, npm, pm2, ...)","// 3.5.1\t  2016-09-14\tbugfix graphics info","// 3.5.0\t  2016-09-14\tadded graphics info (controller, display)","// 3.4.4\t  2016-09-02\ttiny fixes system.model, getDefaultNetworkInterface","// 3.4.3\t  2016-09-02\ttiny bug fix fsStats, disksIO OSX","// 3.4.2\t  2016-09-01\timproved default network interface","// 3.4.1\t  2016-08-30\tupdated docs","// 3.4.0\t  2016-08-30\trewritten current process cpu usage (linux)","// 3.3.0\t  2016-08-24\tadded process list","// 3.2.1\t  2016-08-20\tupdated docs, improvement system","// 3.2.0\t  2016-08-19\tadded battery info","// 3.1.1\t  2016-08-18\timproved system and os detection (vm, ...), bug fix disksIO","// 3.1.0\t  2016-08-18\tadded docker stats","// 3.0.1\t  2016-08-17\tBug-Fix disksIO, users, updated docs","// 3.0.0\t  2016-08-03\tnew major version 3.0","// 2.0.5\t  2016-02-22\tsome more tiny correction ...","// 2.0.4\t  2016-02-22\ttiny correction - removed double quotes CPU brand, ...","// 2.0.3\t  2016-02-22\toptimized cpuCurrentspeed","// 2.0.2\t  2016-02-22\tadded CoreOS identification","// 2.0.1\t  2016-01-07\tminor patch","// 2.0.0\t  2016-01-07\tnew major version 2.0","// 1.0.7\t  2015-11-27\tfixed: si.network_speed()","// 1.0.6\t  2015-09-17\tfixed: si.users()","// 1.0.5\t  2015-09-14\tupdated dependencies","// 1.0.4\t  2015-07-18\tupdated docs","// 1.0.3\t  2015-07-18\tbugfix cpu cores","// 1.0.2\t  2015-07-18\tbugfix cpu_currentspeed, cpu_temperature","// 1.0.1\t  2015-07-18\tdocumentation update","// 1.0.0\t  2015-07-18\tbug-fixes, version bump, published as npm component","// 0.0.3\t  2014-04-14\tbug-fix (cpu_speed)","// 0.0.2\t  2014-03-14\tOptimization FS-Speed & CPU current speed","// 0.0.1\t  2014-03-13\tinitial release","//","// ==================================================================================","","// ----------------------------------------------------------------------------------","// Dependencies","// ----------------------------------------------------------------------------------","","const os = require('os')","  , fs = require('fs');","","const lib_version = require('../package.json').version;","const util = require('./util');","const system = require('./system');","const osInfo = require('./osinfo');","const cpu = require('./cpu');","const mem = require('./memory');","const battery = require('./battery');","const graphics = require('./graphics');","const filesystem = require('./filesystem');","const network = require('./network');","const processes = require('./processes');","const users = require('./users');","const internet = require('./internet');","const docker = require('./docker');","","let _platform = os.type();","let _windows = (_platform === 'Windows_NT');","","const NOT_SUPPORTED = 'not supported';","","// ----------------------------------------------------------------------------------","// 1. General","// ----------------------------------------------------------------------------------","","function version() {","  return lib_version;","}","","// ----------------------------------------------------------------------------------","// 14. get all","// ----------------------------------------------------------------------------------","","// --------------------------","// get static data - they should not change until restarted","","function getStaticData(callback) {","","  return new Promise((resolve, reject) => {","    process.nextTick(() => {","      if (_windows) {","        let error = new Error(NOT_SUPPORTED);","        if (callback) { callback(NOT_SUPPORTED) }","        reject(error);","      }","","      let data = {};","","      data.version = version();","","      system().then(res => {","        data.system = res;","        osInfo.osInfo().then(res => {","          data.os = res;","          osInfo.versions().then(res => {","            data.versions = res;","            cpu.cpu().then(res => {","              data.cpu = res;","              graphics.graphics().then(res => {","                data.graphics = res;","                network.networkInterfaces().then(res => {","                  data.net = res;","                  if (callback) { callback(data) }","                  resolve(data);","                })","              })","            })","          })","        })","      })","    });","  });","}","","// --------------------------","// get all dynamic data - e.g. for monitoring agents","// may take some seconds to get all data","// --------------------------","// 2 additional parameters needed","// - srv: \t\tcomma separated list of services to monitor e.g. \"mysql, apache, postgresql\"","// - iface:\tdefine network interface for which you like to monitor network speed e.g. \"eth0\"","","function getDynamicData(srv, iface, callback) {","","  if (util.isFunction(iface)) {","    callback = iface;","    iface = '';","  }","  if (util.isFunction(srv)) {","    callback = srv;","    srv = '';","  }","","  return new Promise((resolve, reject) => {","    process.nextTick(() => {","      if (_windows) {","        let error = new Error(NOT_SUPPORTED);","        if (callback) { callback(NOT_SUPPORTED) }","        reject(error);","      }","","      iface = iface || network.getDefaultNetworkInterface();","      srv = srv || '';","","      // use closure to track ƒ completion","      let functionProcessed = (function () {","        let totalFunctions = 14;","","        return function () {","          if (--totalFunctions === 0) {","            if (callback) { callback(data) }","            resolve(data);","          }","        };","      })();","","      // var totalFunctions = 14;","      // function functionProcessed() {","      //   if (--totalFunctions === 0) {","      //     if (callback) { callback(data) }","      //     resolve(data);","      //   }","      // }","","      let data = {};","","      // get time","      data.time = osInfo.time();","","      /**","       * @namespace","       * @property {Object}  versions","       * @property {string}  versions.node","       * @property {string}  versions.v8","       */","      data.node = process.versions.node;","      data.v8 = process.versions.v8;","","      cpu.cpuCurrentspeed().then(res => {","        data.cpuCurrentspeed = res;","        functionProcessed();","      });","","      users.users().then(res => {","        data.users = res;","        functionProcessed();","      });","","      processes.processes().then(res => {","        data.processes = res;","        functionProcessed();","      });","","      cpu.currentLoad().then(res => {","        data.currentLoad = res;","        functionProcessed();","      });","","      cpu.cpuTemperature().then(res => {","        data.temp = res;","        functionProcessed();","      });","","      network.networkStats(iface).then(res => {","        data.networkStats = res;","        functionProcessed();","      });","","      network.networkConnections().then(res => {","        data.networkConnections = res;","        functionProcessed();","      });","","      mem().then(res => {","        data.mem = res;","        functionProcessed();","      });","","      battery().then(res => {","        data.battery = res;","        functionProcessed();","      });","","      processes.services(srv).then(res => {","        data.services = res;","        functionProcessed();","      });","","      filesystem.fsSize().then(res => {","        data.fsSize = res;","        functionProcessed();","      });","","      filesystem.fsStats().then(res => {","        data.fsStats = res;","        functionProcessed();","      });","","      filesystem.disksIO().then(res => {","        data.disksIO = res;","        functionProcessed();","      });","","      internet.inetLatency().then(res => {","        data.inetLatency = res;","        functionProcessed();","      });","    });","  });","}","","// --------------------------","// get all data at once","// --------------------------","// 2 additional parameters needed","// - srv: \t\tcomma separated list of services to monitor e.g. \"mysql, apache, postgresql\"","// - iface:\tdefine network interface for which you like to monitor network speed e.g. \"eth0\"","","function getAllData(srv, iface, callback) {","","  return ne
[...]
.total_usage;","  _docker_container_stats[id].prev_system = cpu_stats.system_cpu_usage;","","  return cpuPercent","}","","function docker_calcNetworkIO(networks) {","  let rx;","  let tx;","  for (let key in networks) {","    // skip loop if the property is from prototype","    if (!networks.hasOwnProperty(key)) continue;","","    /**","     * @namespace","     * @property {number}  rx_bytes","     * @property {number}  tx_bytes","     */","    let obj = networks[key];","    rx = +obj.rx_bytes;","    tx = +obj.tx_bytes;","  }","  return {","    rx: rx,","    tx: tx","  }","}","","function docker_calcBlockIO(blkio_stats) {","  let result = {","    r: 0,","    w: 0","  };","","  /**","   * @namespace","   * @property {Array}  io_service_bytes_recursive","   */","  if (blkio_stats && blkio_stats.io_service_bytes_recursive && Object.prototype.toString.call(blkio_stats.io_service_bytes_recursive) === '[object Array]' && blkio_stats.io_service_bytes_recursive.length > 0) {","    blkio_stats.io_service_bytes_recursive.forEach(function (element) {","      /**","       * @namespace","       * @property {string}  op","       * @property {number}  value","       */","","      if (element.op && element.op.toLowerCase() === 'read' && element.value) {","        result.r += element.value;","      }","      if (element.op && element.op.toLowerCase() === 'write' && element.value) {","        result.w += element.value;","      }","    })","  }","  return result;","}","","// --------------------------","// container stats (for one container)","","function dockerContainerStats(containerID, callback) {","  containerID = containerID || '';","  let result = {","    id: containerID,","    mem_usage: 0,","    mem_limit: 0,","    mem_percent: 0,","    cpu_percent: 0,","    pids: 0,","    netIO: {","      rx: 0,","      wx: 0","    },","    blockIO: {","      r: 0,","      w: 0","    }","  };","  return new Promise((resolve, reject) => {","    process.nextTick(() => {","      if (_windows) {","        let error = new Error(NOT_SUPPORTED);","        if (callback) { callback(NOT_SUPPORTED) }","        reject(error);","      }","      if (containerID) {","","        if (!_docker_socket) {","          _docker_socket = new DockerSocket();","        }","","        _docker_socket.getStats(containerID, data => {","          // let cmd = \"curl --unix-socket /var/run/docker.sock http:/containers/\" + containerID + \"/stats?stream=0\";","          // exec(cmd, function (error, stdout) {","          //   if (!error) {","          //     let jsonString = stdout.toString();","          try {","//              let stats = JSON.parse(jsonString);","            let stats = data;","            /**","             * @namespace","             * @property {Object}  memory_stats","             * @property {number}  memory_stats.usage","             * @property {number}  memory_stats.limit","             * @property {Object}  cpu_stats","             * @property {Object}  pids_stats","             * @property {number}  pids_stats.current","             * @property {Object}  networks","             * @property {Object}  blkio_stats","             */","","            if (!stats.message) {","              result.mem_usage = (stats.memory_stats && stats.memory_stats.usage ? stats.memory_stats.usage : 0);","              result.mem_limit = (stats.memory_stats && stats.memory_stats.limit ? stats.memory_stats.limit : 0);","              result.mem_percent = (stats.memory_stats && stats.memory_stats.usage && stats.memory_stats.limit ? stats.memory_stats.usage / stats.memory_stats.limit * 100.0 : 0);","              result.cpu_percent = (stats.cpu_stats ? docker_calcCPUPercent(stats.cpu_stats, containerID) : 0);","              result.pids = (stats.pids_stats && stats.pids_stats.current ? stats.pids_stats.current : 0);","              if (stats.networks) result.netIO = docker_calcNetworkIO(stats.networks);","              if (stats.blkio_stats) result.blockIO = docker_calcBlockIO(stats.blkio_stats);","              result.cpu_stats = (stats.cpu_stats ? stats.cpu_stats : {});","              result.precpu_stats = (stats.precpu_stats ? stats.precpu_stats : {});","              result.memory_stats = (stats.memory_stats ? stats.memory_stats : {});","              result.networks = (stats.networks ? stats.networks : {});","            }","          } catch (err) {","          }","          // }","          if (callback) { callback(result) }","          resolve(result);","        });","      } else {","        if (callback) { callback(result) }","        resolve(result);","      }","    });","  });","}","","exports.dockerContainerStats = dockerContainerStats;","","// --------------------------","// container processes (for one container)","","function dockerContainerProcesses(containerID, callback) {","  containerID = containerID || '';","  let result = [];","  return new Promise((resolve, reject) => {","    process.nextTick(() => {","      if (_windows) {","        let error = new Error(NOT_SUPPORTED);","        if (callback) { callback(NOT_SUPPORTED) }","        reject(error);","      }","      if (containerID) {","","        if (!_docker_socket) {","          _docker_socket = new DockerSocket();","        }","","        _docker_socket.getProcesses(containerID, data => {","          /**","           * @namespace","           * @property {Array}  Titles","           * @property {Array}  Processes","           **/","           try {","            if (data && data.Titles && data.Processes) {","              let titles = data.Titles.map(function(value) {","                return value.toUpperCase();","              });","              let pos_pid = titles.indexOf('PID');","              let pos_ppid = titles.indexOf('PPID');","              let pos_pgid = titles.indexOf('PGID');","              let pos_vsz = titles.indexOf('VSZ');","              let pos_time = titles.indexOf('TIME');","              let pos_elapsed = titles.indexOf('ELAPSED');","              let pos_ni = titles.indexOf('NI');","              let pos_ruser = titles.indexOf('RUSER');","              let pos_user = titles.indexOf('USER');","              let pos_rgroup = titles.indexOf('RGROUP');","              let pos_group = titles.indexOf('GROUP');","              let pos_stat = titles.indexOf('STAT');","              let pos_rss = titles.indexOf('RSS');","              let pos_command = titles.indexOf('COMMAND');","","              data.Processes.forEach(process => {","                result.push({","                  pid_host: (pos_pid >= 0 ? process[pos_pid] : ''),","                  ppid: (pos_ppid >= 0 ? process[pos_ppid] : ''),","                  pgid: (pos_pgid >= 0 ? process[pos_pgid] : ''),","                  user: (pos_user >= 0 ? process[pos_user] : ''),","                  ruser: (pos_ruser >= 0 ? process[pos_ruser] : ''),","                  group: (pos_group >= 0 ? process[pos_group] : ''),","                  rgroup: (pos_rgroup >= 0 ? process[pos_rgroup] : ''),","                  stat: (pos_stat >= 0 ? process[pos_stat] : ''),","                  time: (pos_time >= 0 ? process[pos_time] : ''),","                  elapsed: (pos_elapsed >= 0 ? process[pos_elapsed] : ''),","                  nice: (pos_ni >= 0 ? process[pos_ni] : ''),","                  rss: (pos_rss >= 0 ? process[pos_rss] : ''),","                  vsz: (pos_vsz >= 0 ? process[pos_vsz] : ''),","                  command: (pos_command >= 0 ? process[pos_command] : '')","                })","              })","            }","          } catch (err) {","          }","          if (callback) { callback(result) }","          resolve(result);","        });","      } else {","        if (callback) { callback(result) }","        resolve(result);","      }","    });","  });","}","","exports.dockerContainerProcesses = dockerContainerProcesses;","","function dockerAll(callback) {","  return new Promise((resolve, reject) => {","    process.nextTick(() => {","      if (_windows) {","        let error = new Error(NOT_SUPPORTED);","        if (callback) { callback(NOT_SUPPORTED) }","        reject(error);","      }","      dockerContainers(true).then(result => {","        if (result && Object.prototype.toString.call(result) === '[object Array]' && result.length > 0) {","          let l = result.length;","          result.forEach(function (element) {","            dockerContainerStats(element.id).then(res => {","              // include stats in array","              element.mem_usage = res.mem_usage;","              element.mem_limit = res.mem_limit;","              element.mem_percent = res.mem_percent;","              element.cpu_percent = res.cpu_percent;","              element.pids = res.pids;","              element.netIO = res.netIO;","              element.blockIO = res.blockIO;","              element.cpu_stats = res.cpu_stats;","              element.precpu_stats = res.precpu_stats;","              element.memory_stats = res.memory_stats;","              element.networks = res.networks;","","              dockerContainerProcesses(element.id).then(processes => {","                element.processes = processes;","","                l -= 1;","                if (l === 0) {","                  if (callback) { callback(result) }","                  resolve(result);","                }","              });","              // all done??","            })","          })","        } else {","          if (callback) { callback(result) }","          resolve(result);","        }","      })","    });","  });","}","","exports.dockerAll = dockerAll;",""],"l":{"15":1,"16":1,"17":1,"19":1,"21":1,"22":1,"24":1,"25":1,"31":1,"33":1,"34":0,"39":0,"41":0,"45":0,"46":0,"47":0,"50":0,"51":0,"52":0,"53":0,"54":0,"55":0,"56":0,"57":0,"60":0,"61":0,"64":0,"65":0,"69":0,"72":0,"73":0,"74":0,"89":0,"90":0,"92":0,"112":0,"113":0,"114":0,"117":0,"118":0,"124":1,"129":1,"139":0,"141":0,"143":0,"145":0,"146":0,"148":0,"149":0,"150":0,"152":0,"155":1,"156":0,"157":0,"158":0,"160":0,"167":0,"168":0,"169":0,"171":0,"177":1,"178":0,"187":0,"188":0,"195":0,"196":0,"198":0,"199":0,"203":0,"209":1,"210":0,"211":0,"227":0,"228":0,"229":0,"230":0,"231":0,"232":0,"234":0,"236":0,"237":0,"240":0,"245":0,"247":0,"260":0,"261":0,"262":0,"263":0,"264":0,"265":0,"266":0,"267":0,"268":0,"269":0,"270":0,"271":0,"276":0,"277":0,"280":0,"281":0,"287":1,"292":1,"293":0,"294":0,"295":0,"296":0,"297":0,"298":0,"299":0,"300":0,"302":0,"304":0,"305":0,"308":0,"314":0,"315":0,"316":0,"317":0,"319":0,"320":0,"321":0,"322":0,"323":0,"324":0,"325":0,"326":0,"327":0,"328":0,"329":0,"330":0,"331":0,"332":0,"334":0,"335":0,"355":0,"356":0,"359":0,"360":0,"366":1,"368":1,"369":0,"370":0,"371":0,"372":0,"373":0,"374":0,"376":0,"377":0,"378":0,"379":0,"380":0,"382":0,"383":0,"384":0,"385":0,"386":0,"387":0,"388":0,"389":0,"390":0,"391":0,"392":0,"394":0,"395":0,"397":0,"398":0,"399":0,"400":0,"407":0,"408":0,"415":1}},"/home/travis/build/npmtest/node-npmtest-systeminformation/node_modules/systeminformation/lib/dockerSocket.js":{"path":"/home/travis/build/npmtest/node-npmtest-systeminformation/node_modules/systeminformation/lib/dockerSocket.js","s":{"1":1,"2":0,"3":0,"4":0,"5":0,"6":0,"7":0,"8":0,"9":0,"10":0,"11":0,"12":0,"13":0,"14":0,"15":0,"16":0,"17":0,"18":0,"19":0,"20":0,"21":0,"22":0,"23":0,"24":0,"25":0,"26":0,"27":0,"28":0,"29":0,"30":0,"31":0,"32":0,"33":0,"34":0,"35":0,"36":0,"37":0,"38":0,"39":0,"40":0,"41":0,"42":0,"43":0,"44":0,"45":0,"46":0,"47":0,"48":0,"49":0,"50":0,"51":0,"52":0,"53":0,"54":0,"55":0,"56":1},"b":{"1":[0,0],"2":[0,0],"3":[0,0],"4":[0,0],"5":[0,0]},"f":{"1":0,"2":0,"3":0},"fnMap":{"1":{"name":"(anonymous_1)","line":7,"loc":{"start":{"line":7,"column":16},"end":{"line":7,"column":32}}},"2":{"name":"(anonymous_2)","line":37,"loc":{"start":{"line":37,"column":10},"end":{"line":37,"column":25}}},"3":{"name":"(anonymous_3)","line":71,"loc":{"start":{"line":71,"column":14},"end":{"line":71,"column":29}}}},"statementMap":{"1":{"start":{"line":3,"column":0},"end":{"line":3,"column":27}},"2":{"start":{"line":8,"column":4},"end":{"line":34,"column":5}},"3":{"start":{"line":10,"column":6},"end":{"line":10,"column":72}},"4":{"start":{"line":11,"column":6},"end":{"line":11,"column":23}},"5":{"start":{"line":13,"column":6},"end":{"line":15,"column":9}},"6":{"start":{"line":14,"column":8},"end":{"line":14,"column":96}},"7":{"start":{"line":17,"column":6},"end":{"line":19,"column":9}},"8":{"start":{"line":18,"column":8},"end":{"line":18,"column":44}},"9":{"start":{"line":21,"column":6},"end":{"line":24,"column":9}},"10":{"start":{"line":22,"column":8},"end":{"line":22,"column":23}},"11":{"start":{"line":23,"column":8},"end":{"line":23,"column":21}},"12":{"start":{"line":26,"column":6},"end":{"line":31,"column":9}},"13":{"start":{"line":27,"column":8},"end":{"line":27,"column":52}},"14":{"start":{"line":28,"column":8},"end":{"line":28,"column":78}},"15":{"start":{"line":29,"column":8},"end":{"line":29,"column":23}},"16":{"start":{"line":30,"column":8},"end":{"line":30,"column":38}},"17":{"start":{"line":33,"column":6},"end":{"line":33,"column":19}},"18":{"start":{"line":38,"column":4},"end":{"line":38,"column":18}},"19":{"start":{"line":39,"column":4},"end":{"line":68,"column":5}},"20":{"start":{"line":40,"column":6},"end":{"line":65,"column":7}},"21":{"start":{"line":41,"column":8},"end":{"line":41,"column":74}},"22":{"start":{"line":42,"column":8},"end":{"line":42,"column":25}},"23":{"start":{"line":44,"column":8},"end":{"line":46,"column":11}},"24":{"start":{"line":45,"column":10},"end":{"line":45,"column":90}},"25":{"start":{"line":48,"column":8},"end":{"line":50,"column":11}},"26":{"start":{"line":49,"column":10},"end":{"line":49,"column":46}},"27":{"start":{"line":52,"column":8},"end":{"line":55,"column":11}},"28":{"start":{"line":53,"column":10},"end":{"line":53,"column":25}},"29":{"start":{"line":54,"column":10},"end":{"line":54,"column":23}},"30":{"start":{"line":57,"column":8},"end":{"line":62,"column":11}},"31":{"start":{"line":58,"column":10},"end":{"line":58,"column":54}},"32":{"start":{"line":59,"column":10},"end":{"line":59,"column":80}},"33":{"start":{"line":60,"column":10},"end":{"line":60,"column":25}},"34":{"start":{"line":61,"column":10},"end":{"line":61,"column":40}},"35":{"start":{"line":64,"column":8},"end":{"line":64,"column":21}},"36":{"start":{"line":67,"column":6},"end":{"line":67,"column":19}},"37":{"start":{"line":72,"column":4},"end":{"line":72,"column":18}},"38":{"start":{"line":73,"column":4},"end":{"line":102,"column":5}},"39":{"start":{"line":74,"column":6},"end":{"line":99,"column":7}},"40":{"start":{"line":75,"column":8},"end":{"line":75,"column":74}},"41":{"start":{"line":76,"column":8},"end":{"line":76,"column":25}},"42":{"start":{"line":78,"column":8},"end":{"line":80,"column":11}},"43":{"start":{"line":79,"column":10},"end":{"line":79,"column":161}},"44":{"start":{"line":82,"column":8},"end":{"line":84,"column":11}},"45":{"start":{"line":83,"column":10},"end":{"line":83,"column":46}},"46":{"start":{"line":86,"column":8},"end":{"line":89,"column":11}},"47":{"start":{"line":87,"column":10},"end":{"line":87,"column":25}},"48":{"start":{"line":88,"column":10},"end":{"line":88,"column":23}},"49":{"start":{"line":91,"column":8},"end":{"line":96,"column":11}},"50":{"start":{"line":92,"column":10},"end":{"line":92,"column":54}},"51":{"start":{"line":93,"column":10},"end":{"line":93,"column":80}},"52":{"start":{"line":94,"column":10},"end":{"line":94,"column":25}},"53":{"start":{"line":95,"column":10},"end":{"line":95,"column":40}},"54":{"start":{"line":98,"column":8},"end":{"line":98,"column":21}},"55":{"start":{"line":101,"column":6},"end":{"line":101,"column":19}},"56":{"start":{"line":106,"column":0},"end":{"line":106,"column":30}}},"branchMap":{"1":{"line":14,"type":"cond-expr","locations":[{"start":{"line":14,"column":58},"end":{"line":14,"column":66}},{"start":{"line":14,"column":69},"end":{"line":14,"column":71}}]},"2":{"line":38,"type":"binary-expr","locations":[{"start":{"line":38,"column":9},"end":{"line":38,"column":11}},{"start":{"line":38,"column":15},"end":{"line":38,"column":17}}]},"3":{"line":39,"type":"if","locations":[{"start":{"line":39,"column":4},"end":{"line":39,"column":4}},{"start":{"line":39,"column":4},"end":{"line":39,"column":4}}]},"4":{"line":72,"type":"binary-expr","locations":[{"start":{"line":72,"column":9},"end":{"line":72,"column":11}},{"start":{"line":72,"column":15},"end":{"line":72,"column":17}}]},"5":{"line":73,"type":"if","locations":[{"start":{"line":73,"column":4},"end":{"line":73,"column":4}},{"start":{"line":73,"column":4},"end":{"line":73,"column":4}}]}},"code":["'use strict';","","const net = require('net');","","class DockerSocket {","","  listContainers(all, callback) {","    try {","","      let socket = net.createConnection({path: '/var/run/docker.sock'});","      let alldata = '';","","      socket.on(\"connect\", () => {","        socket.write('GET http:/containers/json' + (all ? \"?all=1\" : \"\") + ' HTTP/1.0\\r\\n\\r\\n');","      });","","      socket.on(\"data\", data => {","        alldata = alldata + data.toString();","      });","","      socket.on(\"error\", () => {","        socket = false;","        callback({});","      });","","      socket.on('end', () => {","        let startbody = alldata.indexOf(\"\\r\\n\\r\\n\");","        alldata = alldata.substring(startbody, 100000).replace(/[\\n\\r]/g, '');","        socket = false;","        callback(JSON.parse(alldata));","      });","    } catch (err) {","      callback({});","    }","  }","","  getStats(id, callback) {","    id = id || '';","    if (id) {","      try {","        let socket = net.createConnection({path: '/var/run/docker.sock'});","        let alldata = '';","","        socket.on(\"connect\", () => {","          socket.write('GET http:/containers/' + id + '/stats?stream=0 HTTP/1.0\\r\\n\\r\\n');","        });","","        socket.on(\"data\", data => {","          alldata = alldata + data.toString();","        });","","        socket.on(\"error\", () => {","          socket = false;","          callback({});","        });","","        socket.on('end', () => {","          let startbody = alldata.indexOf(\"\\r\\n\\r\\n\");","          alldata = alldata.substring(startbody, 100000).replace(/[\\n\\r]/g, '');","          socket = false;","          callback(JSON.parse(alldata));","        });","      } catch (err) {","        callback({});","      }","    } else {","      callback({});","    }","  }","","  getProcesses(id, callback) {","    id = id || '';","    if (id) {","      try {","        let socket = net.createConnection({path: '/var/run/docker.sock'});","        let alldata = '';","","        socket.on(\"connect\", () => {","          socket.write('GET http:/containers/' + id + '/top?ps_args=-opid,ppid,pgid,vsz,time,etime,nice,ruser,user,rgroup,group,stat,rss,args HTTP/1.0\\r\\n\\r\\n');","        });","","        socket.on(\"data\", data => {","          alldata = alldata + data.toString();","        });","","        socket.on(\"error\", () => {","          socket = false;","          callback({});","        });","","        socket.on('end', () => {","          let startbody = alldata.indexOf(\"\\r\\n\\r\\n\");","          alldata = alldata.substring(startbody, 100000).replace(/[\\n\\r]/g, '');","          socket = false;","          callback(JSON.parse(alldata));","        });","      } catch (err) {","        callback({});","      }","    } else {","      callback({});","    }","  }","}","","module.exports = DockerSocket;",""],"l":{"3":1,"8":0,"10":0,"11":0,"13":0,"14":0,"17":0,"18":0,"21":0,"22":0,"23":0,"26":0,"27":0,"28":0,"29":0,"30":0,"33":0,"38":0,"39":0,"40":0,"41":0,"42":0,"44":0,"45":0,"48":0,"49":0,"52":0,"53":0,"54":0,"57":0,"58":0,"59":0,"60":0,"61":0,"64":0,"67":0,"72":0,"73":0,"74":0,"75":0,"76":0,"78":0,"79":0,"82":0,"83":0,"86":0,"87":0,"88":0,"91":0,"92":0,"93":0,"94":0,"95":0,"98":0,"101":0,"106":1}}}